commit dd3e16771ad5aa9799051674decc8ecfaf5e1e9b
Author: OCEANOFANYTHINGOFFICIAL <oceanofanything@gmail.com>
Date:   Mon May 10 13:51:00 2021 +0530

    2021-05-10T13:51:00+05:30

commit 13a8fcb0873138ac0c9b5b6e92256a13082a4fa6
Author: OCEANOFANYTHINGOFFICIAL <oceanofanything@gmail.com>
Date:   Fri Jun 11 13:50:58 2021 +0530

    2021-06-11T13:50:58+05:30

commit 9a8bb81480cc14cae58ac4cff1b81dee9f40a1d9
Author: OCEANOFANYTHINGOFFICIAL <oceanofanything@gmail.com>
Date:   Mon Apr 19 13:50:57 2021 +0530

    2021-04-19T13:50:57+05:30

commit 3da5966123ccf155256ebd3e6b8fe5f869e0069a
Author: OCEANOFANYTHINGOFFICIAL <oceanofanything@gmail.com>
Date:   Mon May 24 13:50:56 2021 +0530

    2021-05-24T13:50:56+05:30

commit 5cda9932528a76e161de609c6256e8532e0d4a8a
Author: OCEANOFANYTHINGOFFICIAL <oceanofanything@gmail.com>
Date:   Thu Nov 19 13:50:55 2020 +0530

    2020-11-19T13:50:55+05:30

commit 9e2d5bcbb02aad0905630c66bc9fb1316631ef81
Author: OCEANOFANYTHINGOFFICIAL <oceanofanything@gmail.com>
Date:   Tue Aug 31 13:50:54 2021 +0530

    2021-08-31T13:50:54+05:30

commit 4a53f7e21e2c6507aeba78a28c734bd2f1cf88f3
Author: OCEANOFANYTHINGOFFICIAL <oceanofanything@gmail.com>
Date:   Wed Jan 27 13:50:53 2021 +0530

    2021-01-27T13:50:53+05:30

commit b29bbf07a0410af5acc55f94d02327b811568ac5
Author: OCEANOFANYTHINGOFFICIAL <oceanofanything@gmail.com>
Date:   Tue Oct 20 13:50:53 2020 +0530

    2020-10-20T13:50:53+05:30

commit 02668987ee2bd82a888aa06cd6c320c65a636324
Author: OCEANOFANYTHINGOFFICIAL <oceanofanything@gmail.com>
Date:   Wed Oct 14 13:50:52 2020 +0530

    2020-10-14T13:50:52+05:30

commit eb3c28f43a272788c8918d4fa244728052a9a194
Author: OCEANOFANYTHINGOFFICIAL <oceanofanything@gmail.com>
Date:   Sat Oct 31 13:50:51 2020 +0530

    2020-10-31T13:50:51+05:30

commit 59949971a586932083683d93070bd8ec39229a7a
Author: OCEANOFANYTHINGOFFICIAL <oceanofanything@gmail.com>
Date:   Wed Jul 28 13:50:50 2021 +0530

    2021-07-28T13:50:50+05:30

commit 7a18c3d1527f24de746cdaa6cce07b36b945ddd6
Author: OCEANOFANYTHINGOFFICIAL <oceanofanything@gmail.com>
Date:   Mon Aug 23 13:50:49 2021 +0530

    2021-08-23T13:50:49+05:30

commit 6f799b11e7fcdfe0f9b7cc352991c69a84c28fe8
Author: OCEANOFANYTHINGOFFICIAL <oceanofanything@gmail.com>
Date:   Fri Feb 19 13:50:48 2021 +0530

    2021-02-19T13:50:48+05:30

commit eb3735125092dc30ec5972938e9aa6a38ffd6d7c
Author: OCEANOFANYTHINGOFFICIAL <oceanofanything@gmail.com>
Date:   Wed Nov 18 13:50:47 2020 +0530

    2020-11-18T13:50:47+05:30

commit f7920072f13d025288efa0e401fda3bf420e313a
Author: OCEANOFANYTHINGOFFICIAL <oceanofanything@gmail.com>
Date:   Thu Jul 8 13:50:47 2021 +0530

    2021-07-08T13:50:47+05:30

commit 870c57a6d75d0285ca0c5807448952952f20d581
Author: OCEANOFANYTHINGOFFICIAL <oceanofanything@gmail.com>
Date:   Tue Apr 13 13:50:46 2021 +0530

    2021-04-13T13:50:46+05:30

commit d1a8bf2d9b78739c990c1b709ba5f9f191e0019f
Author: OCEANOFANYTHINGOFFICIAL <oceanofanything@gmail.com>
Date:   Fri Aug 6 13:50:45 2021 +0530

    2021-08-06T13:50:45+05:30

commit 08877d4821cfa543ccc376128ac524db999d3a7e
Author: OCEANOFANYTHINGOFFICIAL <oceanofanything@gmail.com>
Date:   Mon Oct 12 13:50:44 2020 +0530

    2020-10-12T13:50:44+05:30

commit d9ca5e0de0d3c91924ce8efa270d9f1b0f39dc2f
Author: OCEANOFANYTHINGOFFICIAL <oceanofanything@gmail.com>
Date:   Sat Feb 13 13:50:43 2021 +0530

    2021-02-13T13:50:43+05:30

commit 20780b7729eabf9c0fcbe718f44c3b7c33c2dda2
Author: OCEANOFANYTHINGOFFICIAL <oceanofanything@gmail.com>
Date:   Mon Jul 26 13:50:42 2021 +0530

    2021-07-26T13:50:42+05:30

commit 745cdb64363c946c2dd942e003c955fe99fb6b50
Author: OCEANOFANYTHINGOFFICIAL <oceanofanything@gmail.com>
Date:   Sat Oct 17 13:50:41 2020 +0530

    2020-10-17T13:50:41+05:30

commit df445a177d7d91ade0eb6e46daa6667a74fcf52b
Author: OCEANOFANYTHINGOFFICIAL <oceanofanything@gmail.com>
Date:   Fri May 28 13:50:40 2021 +0530

    2021-05-28T13:50:40+05:30

commit c137e451e4e3d990801b41f6906f0b4978e72236
Author: OCEANOFANYTHINGOFFICIAL <oceanofanything@gmail.com>
Date:   Sat Jul 17 13:50:39 2021 +0530

    2021-07-17T13:50:39+05:30

commit 7e71a37acc6522c62e2802f6db768d9cda0642b3
Author: OCEANOFANYTHINGOFFICIAL <oceanofanything@gmail.com>
Date:   Fri Jan 8 13:50:38 2021 +0530

    2021-01-08T13:50:38+05:30

commit bfdad0e7ad4b4680191797966a2eaa8e5fe012dd
Author: OCEANOFANYTHINGOFFICIAL <oceanofanything@gmail.com>
Date:   Tue Jul 13 13:50:37 2021 +0530

    2021-07-13T13:50:37+05:30

commit f6a7353e5e4c2b7bb882d0a7c16458af1597a994
Author: OCEANOFANYTHINGOFFICIAL <oceanofanything@gmail.com>
Date:   Fri Aug 13 13:50:36 2021 +0530

    2021-08-13T13:50:36+05:30

commit 2dd9a8fddf5318ea4879a3a194a5a965d7946c3a
Author: OCEANOFANYTHINGOFFICIAL <oceanofanything@gmail.com>
Date:   Mon May 10 13:50:36 2021 +0530

    2021-05-10T13:50:36+05:30

commit 48eef46339b6dcdbdb3e7295d4122647640a9a5c
Author: OCEANOFANYTHINGOFFICIAL <oceanofanything@gmail.com>
Date:   Wed Feb 10 13:50:35 2021 +0530

    2021-02-10T13:50:35+05:30

commit a412703cf35293cbd7066b1b4519a40f5db88f24
Author: OCEANOFANYTHINGOFFICIAL <oceanofanything@gmail.com>
Date:   Fri Mar 26 13:50:34 2021 +0530

    2021-03-26T13:50:34+05:30

commit e236289d37efa5b0f0004182ff2ae1f955929e45
Author: OCEANOFANYTHINGOFFICIAL <oceanofanything@gmail.com>
Date:   Thu Feb 11 13:50:33 2021 +0530

    2021-02-11T13:50:33+05:30

commit 30e2d757a4f4bab461c07992f00a150668bb2920
Author: OCEANOFANYTHINGOFFICIAL <oceanofanything@gmail.com>
Date:   Sun Mar 14 13:50:32 2021 +0530

    2021-03-14T13:50:32+05:30

commit 695e74ba4ffac8ac31fdcdb51fd73cfea756e053
Author: OCEANOFANYTHINGOFFICIAL <oceanofanything@gmail.com>
Date:   Thu May 20 13:50:31 2021 +0530

    2021-05-20T13:50:31+05:30

commit b10d8fa6147285f428b01326abb6d776e1447943
Author: OCEANOFANYTHINGOFFICIAL <oceanofanything@gmail.com>
Date:   Fri Jan 22 13:50:30 2021 +0530

    2021-01-22T13:50:30+05:30

commit c50e7e56765885a0b9aee68ed2c71b2129ddfd4c
Author: OCEANOFANYTHINGOFFICIAL <oceanofanything@gmail.com>
Date:   Mon Jun 7 13:50:29 2021 +0530

    2021-06-07T13:50:29+05:30

commit ebf0351cbce1b511308d3eae4ca0b0e6c94d4648
Author: OCEANOFANYTHINGOFFICIAL <oceanofanything@gmail.com>
Date:   Sat Oct 3 13:50:28 2020 +0530

    2020-10-03T13:50:28+05:30

commit 381c0a102fc5a5cc1f4eeeec753da1f6b8a22d79
Author: OCEANOFANYTHINGOFFICIAL <oceanofanything@gmail.com>
Date:   Sun Dec 13 13:50:28 2020 +0530

    2020-12-13T13:50:28+05:30

commit 0f3cd91e916b980485dfcea28548fedb9ed8acd5
Author: OCEANOFANYTHINGOFFICIAL <oceanofanything@gmail.com>
Date:   Thu Mar 18 13:50:27 2021 +0530

    2021-03-18T13:50:27+05:30

commit cbfe5685c804fcad6e1168c2052a4238d9593831
Author: OCEANOFANYTHINGOFFICIAL <oceanofanything@gmail.com>
Date:   Tue Sep 29 13:50:26 2020 +0530

    2020-09-29T13:50:26+05:30

commit 52cc06aa55c0d0315ab859911436e0afa08dd450
Author: OCEANOFANYTHINGOFFICIAL <oceanofanything@gmail.com>
Date:   Thu Feb 18 13:50:25 2021 +0530

    2021-02-18T13:50:25+05:30

commit f47cb57e5c1c87b6efa900c7a998015ff3c564aa
Author: OCEANOFANYTHINGOFFICIAL <oceanofanything@gmail.com>
Date:   Wed Sep 8 13:50:25 2021 +0530

    2021-09-08T13:50:25+05:30

commit 3d629779bd1eac5758b50231eb0b8ec7d033233e
Author: OCEANOFANYTHINGOFFICIAL <oceanofanything@gmail.com>
Date:   Sat Jan 16 13:50:24 2021 +0530

    2021-01-16T13:50:24+05:30

commit d92a426aeaa97e841e67f8b5a25a7e23988a995d
Author: OCEANOFANYTHINGOFFICIAL <oceanofanything@gmail.com>
Date:   Sun Aug 15 13:50:23 2021 +0530

    2021-08-15T13:50:23+05:30

commit c0ea2d2f189e2e8ed5f994988a5645a2ff37a8f6
Author: OCEANOFANYTHINGOFFICIAL <oceanofanything@gmail.com>
Date:   Sat Jul 3 13:50:22 2021 +0530

    2021-07-03T13:50:22+05:30

commit 62db168433529a195e6eb18bba14d03d5a144aad
Author: OCEANOFANYTHINGOFFICIAL <oceanofanything@gmail.com>
Date:   Wed Dec 2 13:50:21 2020 +0530

    2020-12-02T13:50:21+05:30

commit ca79af2b8061355b0dad2dd6eeb4725be43af280
Author: OCEANOFANYTHINGOFFICIAL <oceanofanything@gmail.com>
Date:   Wed Nov 18 13:50:21 2020 +0530

    2020-11-18T13:50:21+05:30

commit c1f30919327541496172c6f1abcd76cec663d578
Author: OCEANOFANYTHINGOFFICIAL <oceanofanything@gmail.com>
Date:   Wed Jul 7 13:50:20 2021 +0530

    2021-07-07T13:50:20+05:30

commit c5e1b74da028b6d7c71b064e6b90d4f2256604f3
Author: OCEANOFANYTHINGOFFICIAL <oceanofanything@gmail.com>
Date:   Thu Jul 29 13:50:19 2021 +0530

    2021-07-29T13:50:19+05:30

commit 7399d7c43ed501abd430802b84e4e5e5afe0cadc
Author: OCEANOFANYTHINGOFFICIAL <oceanofanything@gmail.com>
Date:   Tue Dec 1 13:50:18 2020 +0530

    2020-12-01T13:50:18+05:30

commit b87c3c8cb3383fdd09c2cbb13b3e0cb05ee1cc16
Author: OCEANOFANYTHINGOFFICIAL <oceanofanything@gmail.com>
Date:   Sat Mar 6 13:50:18 2021 +0530

    2021-03-06T13:50:18+05:30

commit c424af9a2a5fbd28852955f8142c6db6ad180f0e
Author: OCEANOFANYTHINGOFFICIAL <oceanofanything@gmail.com>
Date:   Tue Sep 29 13:50:17 2020 +0530

    2020-09-29T13:50:17+05:30

commit 1824ba411dca4008f29c7e5c5555739dd9248cd2
Author: OCEANOFANYTHINGOFFICIAL <oceanofanything@gmail.com>
Date:   Mon Dec 14 13:50:16 2020 +0530

    2020-12-14T13:50:16+05:30

commit bd11602e3b0b28d8e698cbeea91e810af2c1a8da
Author: OCEANOFANYTHINGOFFICIAL <oceanofanything@gmail.com>
Date:   Wed Mar 24 13:50:15 2021 +0530

    2021-03-24T13:50:15+05:30

commit 896772ef299893401cec4a9e4b506d25c2bf65ce
Author: OCEANOFANYTHINGOFFICIAL <oceanofanything@gmail.com>
Date:   Mon Nov 2 13:50:14 2020 +0530

    2020-11-02T13:50:14+05:30

commit f2d12c463d4e9b55c33471471a3e48702761790c
Author: OCEANOFANYTHINGOFFICIAL <oceanofanything@gmail.com>
Date:   Wed Jun 30 13:50:14 2021 +0530

    2021-06-30T13:50:14+05:30

commit c93f1a146ea8613d64d0bae179ed8ea78407c098
Author: OCEANOFANYTHINGOFFICIAL <oceanofanything@gmail.com>
Date:   Mon Mar 8 13:50:13 2021 +0530

    2021-03-08T13:50:13+05:30

commit e910602e8438f9d785b5a69d6acf126aed5443b7
Author: OCEANOFANYTHINGOFFICIAL <oceanofanything@gmail.com>
Date:   Sun May 16 13:50:12 2021 +0530

    2021-05-16T13:50:12+05:30

commit 33e330cbb56430b67f2da8129e520a1f3e5dbf29
Author: OCEANOFANYTHINGOFFICIAL <oceanofanything@gmail.com>
Date:   Wed Jan 13 13:50:11 2021 +0530

    2021-01-13T13:50:11+05:30

commit 7998f319304e62ca4cb4b41006d1e0e6471d5d2d
Author: OCEANOFANYTHINGOFFICIAL <oceanofanything@gmail.com>
Date:   Fri Apr 2 13:50:10 2021 +0530

    2021-04-02T13:50:10+05:30

commit 3fe430a6a805e2924f0842c7fa297062751d3d81
Author: OCEANOFANYTHINGOFFICIAL <oceanofanything@gmail.com>
Date:   Fri Apr 23 13:50:10 2021 +0530

    2021-04-23T13:50:10+05:30

commit 98c396dfef017d0512ddccaeacf5193de3349bd4
Author: OCEANOFANYTHINGOFFICIAL <oceanofanything@gmail.com>
Date:   Sun Jun 20 13:50:09 2021 +0530

    2021-06-20T13:50:09+05:30

commit a25a6c086f8e05e372bd310272cb714d4602e469
Author: OCEANOFANYTHINGOFFICIAL <oceanofanything@gmail.com>
Date:   Thu Feb 25 13:50:08 2021 +0530

    2021-02-25T13:50:08+05:30

commit 004a6682e50c60a7bb11377b9928e3749b85d4a0
Author: OCEANOFANYTHINGOFFICIAL <oceanofanything@gmail.com>
Date:   Fri Dec 18 13:50:07 2020 +0530

    2020-12-18T13:50:07+05:30

commit 7c52b998790ca239581e2b4fba666f225d378b98
Author: OCEANOFANYTHINGOFFICIAL <oceanofanything@gmail.com>
Date:   Mon Jun 14 13:50:07 2021 +0530

    2021-06-14T13:50:07+05:30

commit ea163aa7e305370153ae187c231a4d22cc80418f
Author: OCEANOFANYTHINGOFFICIAL <oceanofanything@gmail.com>
Date:   Wed Jul 7 13:50:06 2021 +0530

    2021-07-07T13:50:06+05:30

commit b1ae5540ce246204cb63f09afe9ce3790dbfad6b
Author: OCEANOFANYTHINGOFFICIAL <oceanofanything@gmail.com>
Date:   Sat Dec 5 13:50:05 2020 +0530

    2020-12-05T13:50:05+05:30

commit 550d4789a99ebb0bb0ca856cb324c62d0bcbc681
Author: OCEANOFANYTHINGOFFICIAL <oceanofanything@gmail.com>
Date:   Fri Mar 5 13:50:04 2021 +0530

    2021-03-05T13:50:04+05:30

commit d69ff590703e61824375014c46ec8138cbacebfe
Author: OCEANOFANYTHINGOFFICIAL <oceanofanything@gmail.com>
Date:   Tue Dec 15 13:50:04 2020 +0530

    2020-12-15T13:50:04+05:30

commit 6df23ac4d538d985bef934787812ac2304c429e6
Author: OCEANOFANYTHINGOFFICIAL <oceanofanything@gmail.com>
Date:   Fri Jan 29 13:50:03 2021 +0530

    2021-01-29T13:50:03+05:30

commit 8f85425f4a079295d2c3f9a98b0363ef7604e862
Author: OCEANOFANYTHINGOFFICIAL <oceanofanything@gmail.com>
Date:   Sat Mar 13 13:50:02 2021 +0530

    2021-03-13T13:50:02+05:30

commit a113ebec898b00dc86842e3a1e18fbf23462baed
Author: OCEANOFANYTHINGOFFICIAL <oceanofanything@gmail.com>
Date:   Wed Mar 17 13:50:01 2021 +0530

    2021-03-17T13:50:01+05:30

commit 428ebffe24c6f13f072a4a642128a4eb5408a768
Author: OCEANOFANYTHINGOFFICIAL <oceanofanything@gmail.com>
Date:   Wed Nov 11 13:50:00 2020 +0530

    2020-11-11T13:50:00+05:30

commit b631f09061f59f8829707e6105c83a732a810119
Author: OCEANOFANYTHINGOFFICIAL <oceanofanything@gmail.com>
Date:   Wed Oct 14 13:50:00 2020 +0530

    2020-10-14T13:50:00+05:30

commit 592762317a94c2d4116591913c8091468e019bb4
Author: OCEANOFANYTHINGOFFICIAL <oceanofanything@gmail.com>
Date:   Sat Nov 7 13:49:59 2020 +0530

    2020-11-07T13:49:59+05:30

commit ebe68c16157e03e993b90d329c16b20bfd3f03ff
Author: OCEANOFANYTHINGOFFICIAL <oceanofanything@gmail.com>
Date:   Tue Jul 20 13:49:58 2021 +0530

    2021-07-20T13:49:58+05:30

commit d5c81d5a500184b279a2d662a57a15b4c3dd2e68
Author: OCEANOFANYTHINGOFFICIAL <oceanofanything@gmail.com>
Date:   Thu Jan 7 13:49:57 2021 +0530

    2021-01-07T13:49:57+05:30

commit 957a6ec9a74dcb607848242ab8146b5ff5bab46c
Author: OCEANOFANYTHINGOFFICIAL <oceanofanything@gmail.com>
Date:   Sat May 22 13:49:57 2021 +0530

    2021-05-22T13:49:57+05:30

commit fb50e79addc753beb55d72aab504d1cef1898b3c
Author: OCEANOFANYTHINGOFFICIAL <oceanofanything@gmail.com>
Date:   Fri Dec 11 13:49:56 2020 +0530

    2020-12-11T13:49:56+05:30

commit b7691bfafbebda28daba4961dd82b4d3314a37ea
Author: OCEANOFANYTHINGOFFICIAL <oceanofanything@gmail.com>
Date:   Wed Feb 17 13:49:55 2021 +0530

    2021-02-17T13:49:55+05:30

commit a8d7a8d9825827659935c0558ac79c9dc623d633
Author: OCEANOFANYTHINGOFFICIAL <oceanofanything@gmail.com>
Date:   Tue May 11 13:49:54 2021 +0530

    2021-05-11T13:49:54+05:30

commit 1f9256406962797b0c4b0dd8e1ab1b31058eb6a1
Author: OCEANOFANYTHINGOFFICIAL <oceanofanything@gmail.com>
Date:   Sat Dec 26 13:49:54 2020 +0530

    2020-12-26T13:49:54+05:30

commit 8636dca8e1cb63ec9e83c99e7b5bc6f8020845b0
Author: OCEANOFANYTHINGOFFICIAL <oceanofanything@gmail.com>
Date:   Wed Sep 8 13:49:53 2021 +0530

    2021-09-08T13:49:53+05:30

commit 537653ca7e3ca00368bcab99d57075bc31f4f1c0
Author: OCEANOFANYTHINGOFFICIAL <oceanofanything@gmail.com>
Date:   Fri Oct 15 13:49:52 2021 +0530

    2021-10-15T13:49:52+05:30

commit 4ba1b80cec15d534ca145b5b28a036fac27d3d37
Author: OCEANOFANYTHINGOFFICIAL <oceanofanything@gmail.com>
Date:   Sat Aug 7 13:49:51 2021 +0530

    2021-08-07T13:49:51+05:30

commit 5dac63577a396ea313002996b646de97b7542f58
Author: OCEANOFANYTHINGOFFICIAL <oceanofanything@gmail.com>
Date:   Sat Mar 6 13:49:51 2021 +0530

    2021-03-06T13:49:51+05:30

commit 617ba6ff612069b2d1931b2254888599527abcfc
Author: OCEANOFANYTHINGOFFICIAL <oceanofanything@gmail.com>
Date:   Thu Oct 1 13:49:50 2020 +0530

    2020-10-01T13:49:50+05:30

commit 82aa8cb83e47f6691b8bc450ea28f45f2e52057f
Author: OCEANOFANYTHINGOFFICIAL <oceanofanything@gmail.com>
Date:   Sat Nov 7 13:49:49 2020 +0530

    2020-11-07T13:49:49+05:30

commit 04d26d2e0159c2a2c78fe43a63e2fb7cab4f0f12
Author: OCEANOFANYTHINGOFFICIAL <oceanofanything@gmail.com>
Date:   Sun Feb 14 13:49:48 2021 +0530

    2021-02-14T13:49:48+05:30

commit 68325c14321616c69c0ef5641188eb83317658b3
Author: OCEANOFANYTHINGOFFICIAL <oceanofanything@gmail.com>
Date:   Sun Feb 14 13:49:47 2021 +0530

    2021-02-14T13:49:47+05:30

commit 2119000f5af021f7de78b218c350efcd123e54ec
Author: OCEANOFANYTHINGOFFICIAL <oceanofanything@gmail.com>
Date:   Tue Aug 31 13:49:47 2021 +0530

    2021-08-31T13:49:47+05:30

commit cf38e1a710c3fc0a56541906a606a956b9460cf2
Author: OCEANOFANYTHINGOFFICIAL <oceanofanything@gmail.com>
Date:   Sat Dec 19 13:49:46 2020 +0530

    2020-12-19T13:49:46+05:30

commit 96bbf0cdae624f3013c26828f26dfc30ccc3f10e
Author: OCEANOFANYTHINGOFFICIAL <oceanofanything@gmail.com>
Date:   Sun Nov 1 13:49:45 2020 +0530

    2020-11-01T13:49:45+05:30

commit cc82931facea8c64beae149815d19fac0b8d7310
Author: OCEANOFANYTHINGOFFICIAL <oceanofanything@gmail.com>
Date:   Mon Jan 18 13:49:44 2021 +0530

    2021-01-18T13:49:44+05:30

commit 1bfc74e0f75b16253e8fe82f92696e745e5e59ed
Author: OCEANOFANYTHINGOFFICIAL <oceanofanything@gmail.com>
Date:   Sun Jan 3 13:49:43 2021 +0530

    2021-01-03T13:49:43+05:30

commit afc4fb7a1a12814cc77496f7dd8e18dc0bac05db
Author: OCEANOFANYTHINGOFFICIAL <oceanofanything@gmail.com>
Date:   Tue Apr 13 13:49:43 2021 +0530

    2021-04-13T13:49:43+05:30

commit cc3dd346ff05fb90bff38229c7a8146d81d52351
Author: OCEANOFANYTHINGOFFICIAL <oceanofanything@gmail.com>
Date:   Wed Jan 6 13:49:42 2021 +0530

    2021-01-06T13:49:42+05:30

commit 3557694de98f648a860634edb6da4411531fbdf0
Author: OCEANOFANYTHINGOFFICIAL <oceanofanything@gmail.com>
Date:   Tue Feb 9 13:49:41 2021 +0530

    2021-02-09T13:49:41+05:30

commit 305c9216ff8a1317f872eb6aea6d8d781dbc2a1f
Author: OCEANOFANYTHINGOFFICIAL <oceanofanything@gmail.com>
Date:   Mon Sep 6 13:49:40 2021 +0530

    2021-09-06T13:49:40+05:30

commit fc5baf08420acf471b74ed6d247403a34300d753
Author: OCEANOFANYTHINGOFFICIAL <oceanofanything@gmail.com>
Date:   Fri Jan 22 13:49:40 2021 +0530

    2021-01-22T13:49:40+05:30

commit 9bf9662868cfc4594e5e6134f77393cf880bb513
Author: OCEANOFANYTHINGOFFICIAL <oceanofanything@gmail.com>
Date:   Wed Aug 25 13:49:39 2021 +0530

    2021-08-25T13:49:39+05:30

commit ceb888c7b747dda7bcd3c5d603da570c19af0848
Author: OCEANOFANYTHINGOFFICIAL <oceanofanything@gmail.com>
Date:   Sat Jul 24 13:49:38 2021 +0530

    2021-07-24T13:49:38+05:30

commit a1df244a9c92e6b7d2705e51102fe000d7357f5a
Author: OCEANOFANYTHINGOFFICIAL <oceanofanything@gmail.com>
Date:   Sun Nov 1 13:49:37 2020 +0530

    2020-11-01T13:49:37+05:30

commit a3d1880f4236a57c67a538cbd964a52a546848c7
Author: OCEANOFANYTHINGOFFICIAL <oceanofanything@gmail.com>
Date:   Sun Dec 13 13:49:36 2020 +0530

    2020-12-13T13:49:36+05:30

commit 5f967cb6502799e16c7483bcea85056b818ccb47
Author: OCEANOFANYTHINGOFFICIAL <oceanofanything@gmail.com>
Date:   Tue Dec 22 13:49:35 2020 +0530

    2020-12-22T13:49:35+05:30

commit de3360f6687331384d202dc5c8da368c8947e9e0
Author: OCEANOFANYTHINGOFFICIAL <oceanofanything@gmail.com>
Date:   Wed Mar 17 13:49:34 2021 +0530

    2021-03-17T13:49:34+05:30

commit 66773ffb9735a8bc9f3d7bd3f64ac85d6128f7d6
Author: OCEANOFANYTHINGOFFICIAL <oceanofanything@gmail.com>
Date:   Sun Sep 19 13:49:33 2021 +0530

    2021-09-19T13:49:33+05:30

commit 9ed47b01efeb16facd8a7099bfc20f34f042f6a1
Author: OCEANOFANYTHINGOFFICIAL <oceanofanything@gmail.com>
Date:   Mon Jan 25 13:49:32 2021 +0530

    2021-01-25T13:49:32+05:30

commit bc0fe3b17f0cdc9b6badb5dfe3b1d2dad9b4718f
Author: OCEANOFANYTHINGOFFICIAL <oceanofanything@gmail.com>
Date:   Thu Jan 21 13:49:32 2021 +0530

    2021-01-21T13:49:32+05:30

commit 03bee8a4dec83e91252268b320c074a264e8ea5a
Author: OCEANOFANYTHINGOFFICIAL <oceanofanything@gmail.com>
Date:   Wed Nov 4 13:49:31 2020 +0530

    2020-11-04T13:49:31+05:30

commit b721d697b9148d64a069083904e896ce40959d40
Author: OCEANOFANYTHINGOFFICIAL <oceanofanything@gmail.com>
Date:   Tue Jun 8 13:49:30 2021 +0530

    2021-06-08T13:49:30+05:30

commit b7877e94001bbdec25c388548cdbb4c435377d2f
Author: OCEANOFANYTHINGOFFICIAL <oceanofanything@gmail.com>
Date:   Thu Nov 19 13:49:29 2020 +0530

    2020-11-19T13:49:29+05:30

commit 42d44f93d69f4a5c4d96c6914e307e9a0f54e1c3
Author: OCEANOFANYTHINGOFFICIAL <oceanofanything@gmail.com>
Date:   Wed Mar 24 13:49:29 2021 +0530

    2021-03-24T13:49:29+05:30

commit a84184644434950f864e46039672138cf54bfaab
Author: OCEANOFANYTHINGOFFICIAL <oceanofanything@gmail.com>
Date:   Thu Oct 1 13:49:28 2020 +0530

    2020-10-01T13:49:28+05:30

commit e86237fd6f383f609c792e47b63c0cae6f7c81b6
Author: OCEANOFANYTHINGOFFICIAL <oceanofanything@gmail.com>
Date:   Fri Jan 1 13:49:27 2021 +0530

    2021-01-01T13:49:27+05:30

commit cd558eb643db3e494a325f202e91104c074f20e1
Author: OCEANOFANYTHINGOFFICIAL <oceanofanything@gmail.com>
Date:   Thu Oct 29 13:49:26 2020 +0530

    2020-10-29T13:49:26+05:30

commit 2fa66f1238c152080b8161fb39f67da076c20b7d
Author: OCEANOFANYTHINGOFFICIAL <oceanofanything@gmail.com>
Date:   Tue May 4 13:49:26 2021 +0530

    2021-05-04T13:49:26+05:30

commit 1f8f95160f1a855982ec2ce560ca532677255c73
Author: OCEANOFANYTHINGOFFICIAL <oceanofanything@gmail.com>
Date:   Fri Aug 20 13:49:25 2021 +0530

    2021-08-20T13:49:25+05:30

commit 8e1dff4e2ebe3bb3f3617cfd14148a2386552ad2
Author: OCEANOFANYTHINGOFFICIAL <oceanofanything@gmail.com>
Date:   Sun Sep 19 13:49:24 2021 +0530

    2021-09-19T13:49:24+05:30

commit 35c71908ae6fa81e3aba1e10101ad68b45937747
Author: OCEANOFANYTHINGOFFICIAL <oceanofanything@gmail.com>
Date:   Sat Feb 27 13:49:23 2021 +0530

    2021-02-27T13:49:23+05:30

commit 387f8c1c0ebfbf984a37ed77cc9bc47994c6a5c3
Author: OCEANOFANYTHINGOFFICIAL <oceanofanything@gmail.com>
Date:   Sat Jan 9 13:49:22 2021 +0530

    2021-01-09T13:49:22+05:30

commit 5b4092ecba28a888ef2e4a2c5a9de1c55c9b6c67
Author: OCEANOFANYTHINGOFFICIAL <oceanofanything@gmail.com>
Date:   Sun Mar 21 13:49:22 2021 +0530

    2021-03-21T13:49:22+05:30

commit bc3a5c467af9581f8f779ce10da57537387553fa
Author: OCEANOFANYTHINGOFFICIAL <oceanofanything@gmail.com>
Date:   Sat Nov 14 13:49:21 2020 +0530

    2020-11-14T13:49:21+05:30

commit f83f2f5a223d9ffe001ac54f619fce5eeef175fe
Author: OCEANOFANYTHINGOFFICIAL <oceanofanything@gmail.com>
Date:   Tue Mar 23 13:49:20 2021 +0530

    2021-03-23T13:49:20+05:30

commit 86d5e66e32cb67f078371bf2124ff4b6f29f806e
Author: OCEANOFANYTHINGOFFICIAL <oceanofanything@gmail.com>
Date:   Fri May 7 13:49:19 2021 +0530

    2021-05-07T13:49:19+05:30

commit 0d4b81091c4f201414e8c9ccbef5c5ab8d8312e4
Author: OCEANOFANYTHINGOFFICIAL <oceanofanything@gmail.com>
Date:   Thu Oct 22 13:49:19 2020 +0530

    2020-10-22T13:49:19+05:30

commit f490a56ef72380c16ac5ac1e94da68c0df19b320
Author: OCEANOFANYTHINGOFFICIAL <oceanofanything@gmail.com>
Date:   Mon Jun 14 13:49:18 2021 +0530

    2021-06-14T13:49:18+05:30

commit 22bcd4ab2528b8759ca8461dd865d556eaeaee42
Author: OCEANOFANYTHINGOFFICIAL <oceanofanything@gmail.com>
Date:   Sat Jul 10 13:49:17 2021 +0530

    2021-07-10T13:49:17+05:30

commit 5e94d741bbaaf7fd7df2d5983bea3747a00bbd9a
Author: OCEANOFANYTHINGOFFICIAL <oceanofanything@gmail.com>
Date:   Tue Nov 3 13:49:16 2020 +0530

    2020-11-03T13:49:16+05:30

commit f7672f9f2bb1391ae42a8b038076b9d36b9113fe
Author: OCEANOFANYTHINGOFFICIAL <oceanofanything@gmail.com>
Date:   Wed Sep 30 13:49:15 2020 +0530

    2020-09-30T13:49:15+05:30

commit b56594dd75f84c2d9e53a22c6f23a32175d03b7a
Author: OCEANOFANYTHINGOFFICIAL <oceanofanything@gmail.com>
Date:   Mon Jun 14 13:49:15 2021 +0530

    2021-06-14T13:49:15+05:30

commit 48873ff71d6741bb4254145928ce0812d2ab95e2
Author: OCEANOFANYTHINGOFFICIAL <oceanofanything@gmail.com>
Date:   Mon Nov 2 13:49:14 2020 +0530

    2020-11-02T13:49:14+05:30

commit cff8e59eb915cd3f215ebc99534fa5a2d53e3fa5
Author: OCEANOFANYTHINGOFFICIAL <oceanofanything@gmail.com>
Date:   Sat Jan 2 13:49:13 2021 +0530

    2021-01-02T13:49:13+05:30

commit d8a729cc204b3276e88e929fc86fabec96f27c24
Author: OCEANOFANYTHINGOFFICIAL <oceanofanything@gmail.com>
Date:   Mon Dec 28 13:49:12 2020 +0530

    2020-12-28T13:49:12+05:30

commit 17240bb2e35216af7aecc039a8ee63dd240cf6af
Author: OCEANOFANYTHINGOFFICIAL <oceanofanything@gmail.com>
Date:   Sun May 16 13:49:11 2021 +0530

    2021-05-16T13:49:11+05:30

commit d124582ed84c03aaa716d7f72d40775fd31f50e4
Author: OCEANOFANYTHINGOFFICIAL <oceanofanything@gmail.com>
Date:   Mon Sep 20 13:49:11 2021 +0530

    2021-09-20T13:49:11+05:30

commit 55c4a7962be177d63c635144faa78d8484c9f6db
Author: OCEANOFANYTHINGOFFICIAL <oceanofanything@gmail.com>
Date:   Sun Nov 22 13:49:10 2020 +0530

    2020-11-22T13:49:10+05:30

commit 0dbbbce714cf96f1e52d4a7323aa1d5b676e8149
Author: OCEANOFANYTHINGOFFICIAL <oceanofanything@gmail.com>
Date:   Thu Oct 14 13:49:09 2021 +0530

    2021-10-14T13:49:09+05:30

commit 0d42895a950c0509798fc77f0c7a59eba26b3b62
Author: OCEANOFANYTHINGOFFICIAL <oceanofanything@gmail.com>
Date:   Wed Jun 2 13:49:08 2021 +0530

    2021-06-02T13:49:08+05:30

commit a93cfaf372321ecb153a81739eca19af38e58cb1
Author: OCEANOFANYTHINGOFFICIAL <oceanofanything@gmail.com>
Date:   Tue Nov 17 13:49:07 2020 +0530

    2020-11-17T13:49:07+05:30

commit 72c7e5b584acd0466487c594f90d48c3319fc9d6
Author: OCEANOFANYTHINGOFFICIAL <oceanofanything@gmail.com>
Date:   Tue May 11 13:49:06 2021 +0530

    2021-05-11T13:49:06+05:30

commit 7b6e2a92349f1015e8aaefdbb3393fe79692aa84
Author: OCEANOFANYTHINGOFFICIAL <oceanofanything@gmail.com>
Date:   Thu Feb 25 13:49:05 2021 +0530

    2021-02-25T13:49:05+05:30

commit d97d2f84dbdee6d2a6fe310541c10420acd4c669
Author: OCEANOFANYTHINGOFFICIAL <oceanofanything@gmail.com>
Date:   Thu Dec 3 13:49:05 2020 +0530

    2020-12-03T13:49:05+05:30

commit 00069a5afaf3f58fb7076e778935de4eefecdfa9
Author: OCEANOFANYTHINGOFFICIAL <oceanofanything@gmail.com>
Date:   Fri Nov 27 13:49:04 2020 +0530

    2020-11-27T13:49:04+05:30

commit 9be10b22b6992021256b99894dcf6fc7f48ee4f0
Author: OCEANOFANYTHINGOFFICIAL <oceanofanything@gmail.com>
Date:   Mon Oct 12 13:49:03 2020 +0530

    2020-10-12T13:49:03+05:30

commit ea9f8a457c179b19e188e557a72d43243e98c30e
Author: OCEANOFANYTHINGOFFICIAL <oceanofanything@gmail.com>
Date:   Fri Apr 9 13:49:02 2021 +0530

    2021-04-09T13:49:02+05:30

commit 543d863b31985107725c41b7bed5fa533c73699f
Author: OCEANOFANYTHINGOFFICIAL <oceanofanything@gmail.com>
Date:   Thu May 20 13:49:02 2021 +0530

    2021-05-20T13:49:02+05:30

commit 5afc3147525ec363084a0e6944313f900483ecf6
Author: OCEANOFANYTHINGOFFICIAL <oceanofanything@gmail.com>
Date:   Sun May 2 13:49:01 2021 +0530

    2021-05-02T13:49:01+05:30

commit f842a333ed41875174955ec1206113738c198e7f
Author: OCEANOFANYTHINGOFFICIAL <oceanofanything@gmail.com>
Date:   Sun Sep 12 13:49:00 2021 +0530

    2021-09-12T13:49:00+05:30

commit 753b1c64f1505a08953cdd0caa1f86f23c24d0be
Author: OCEANOFANYTHINGOFFICIAL <oceanofanything@gmail.com>
Date:   Fri Oct 2 13:48:59 2020 +0530

    2020-10-02T13:48:59+05:30

commit 79097315fa85d0b807c87f78728c66cf0cd3a394
Author: OCEANOFANYTHINGOFFICIAL <oceanofanything@gmail.com>
Date:   Tue May 4 13:48:58 2021 +0530

    2021-05-04T13:48:58+05:30

commit 1b55574a0010bfd5e7a29af933b32d355af0a0b8
Author: OCEANOFANYTHINGOFFICIAL <oceanofanything@gmail.com>
Date:   Sat Oct 24 13:48:58 2020 +0530

    2020-10-24T13:48:58+05:30

commit 6ddcf5d86c297a81e4792da442a2fefaeac5bd10
Author: OCEANOFANYTHINGOFFICIAL <oceanofanything@gmail.com>
Date:   Tue Oct 13 13:48:57 2020 +0530

    2020-10-13T13:48:57+05:30

commit 4939727151edeedd06591333ffca3108a211690f
Author: OCEANOFANYTHINGOFFICIAL <oceanofanything@gmail.com>
Date:   Fri Sep 17 13:48:56 2021 +0530

    2021-09-17T13:48:56+05:30

commit 6ecbc125d49c0d19e49e8cef07d0ed20b3a9858a
Author: OCEANOFANYTHINGOFFICIAL <oceanofanything@gmail.com>
Date:   Sun Jun 20 13:48:56 2021 +0530

    2021-06-20T13:48:56+05:30

commit a9f26a0229d2f006a91fbb53749fb9bf3d56e7c4
Author: OCEANOFANYTHINGOFFICIAL <oceanofanything@gmail.com>
Date:   Wed Mar 24 13:48:55 2021 +0530

    2021-03-24T13:48:55+05:30

commit 0f4132815f7a2244644f9ce723b2851ed33b660e
Author: OCEANOFANYTHINGOFFICIAL <oceanofanything@gmail.com>
Date:   Wed Sep 22 13:48:54 2021 +0530

    2021-09-22T13:48:54+05:30

commit 66ea6e8769fd22128f39ae49c01023a5eb0fe0e8
Author: OCEANOFANYTHINGOFFICIAL <oceanofanything@gmail.com>
Date:   Fri Jul 16 13:48:53 2021 +0530

    2021-07-16T13:48:53+05:30

commit 099ca9a7890d217019bae77f35521871249721cf
Author: OCEANOFANYTHINGOFFICIAL <oceanofanything@gmail.com>
Date:   Sat Mar 20 13:48:52 2021 +0530

    2021-03-20T13:48:52+05:30

commit 261dc91db11d23bc64e3bd7e1ce27fd2b1a30fda
Author: OCEANOFANYTHINGOFFICIAL <oceanofanything@gmail.com>
Date:   Wed Dec 2 13:48:52 2020 +0530

    2020-12-02T13:48:52+05:30

commit 79d2273ae79b015e9ad93b673efa5014425934b3
Author: OCEANOFANYTHINGOFFICIAL <oceanofanything@gmail.com>
Date:   Sun Jan 24 13:48:51 2021 +0530

    2021-01-24T13:48:51+05:30

commit 4fc1887a303f953727259b5d922b1f6d4e06e2f9
Author: OCEANOFANYTHINGOFFICIAL <oceanofanything@gmail.com>
Date:   Wed Feb 24 13:48:50 2021 +0530

    2021-02-24T13:48:50+05:30

commit 1c4e26e131a1a971ea72be7b91795c6127169f49
Author: OCEANOFANYTHINGOFFICIAL <oceanofanything@gmail.com>
Date:   Thu May 20 13:48:49 2021 +0530

    2021-05-20T13:48:49+05:30

commit 903308cac0f8ec8d292d7b25c017e14581c1fc4c
Author: OCEANOFANYTHINGOFFICIAL <oceanofanything@gmail.com>
Date:   Mon Mar 22 13:48:49 2021 +0530

    2021-03-22T13:48:49+05:30

commit 0d81286aa470dfa7136fc0e51f09d11ea36675e3
Author: OCEANOFANYTHINGOFFICIAL <oceanofanything@gmail.com>
Date:   Sat Aug 28 13:48:48 2021 +0530

    2021-08-28T13:48:48+05:30

commit 0194a314a5d119a0cb28ebd1f39899612307051f
Author: OCEANOFANYTHINGOFFICIAL <oceanofanything@gmail.com>
Date:   Mon May 3 13:48:47 2021 +0530

    2021-05-03T13:48:47+05:30

commit 690395eb9f623f9fe7d68394d178702e6cb8c65b
Author: OCEANOFANYTHINGOFFICIAL <oceanofanything@gmail.com>
Date:   Tue Sep 14 13:48:46 2021 +0530

    2021-09-14T13:48:46+05:30

commit b917ee90963d51f3d8e84d081310e82994926749
Author: OCEANOFANYTHINGOFFICIAL <oceanofanything@gmail.com>
Date:   Fri Oct 2 13:48:46 2020 +0530

    2020-10-02T13:48:46+05:30

commit b00e73c71932e333910ed314945661a198a90d5b
Author: OCEANOFANYTHINGOFFICIAL <oceanofanything@gmail.com>
Date:   Wed Nov 18 13:48:45 2020 +0530

    2020-11-18T13:48:45+05:30

commit 47639bd0d40a76137fc47fcef9203481d2331c15
Author: OCEANOFANYTHINGOFFICIAL <oceanofanything@gmail.com>
Date:   Wed Sep 22 13:48:44 2021 +0530

    2021-09-22T13:48:44+05:30

commit 2d8cdaa642cb0b38fe209c8dbdf19fd1396011a9
Author: OCEANOFANYTHINGOFFICIAL <oceanofanything@gmail.com>
Date:   Sat Jul 31 13:48:43 2021 +0530

    2021-07-31T13:48:43+05:30

commit 9980c11892b638b9f3d1c023cba4acb71317bb0e
Author: OCEANOFANYTHINGOFFICIAL <oceanofanything@gmail.com>
Date:   Wed Feb 3 13:48:42 2021 +0530

    2021-02-03T13:48:42+05:30

commit d9c6aa86326f05ed5e33690d6153092b8208a0cc
Author: OCEANOFANYTHINGOFFICIAL <oceanofanything@gmail.com>
Date:   Mon Dec 7 13:48:42 2020 +0530

    2020-12-07T13:48:42+05:30

commit b2f372e2fa7de10f4958c6100e1f830469c7ead7
Author: OCEANOFANYTHINGOFFICIAL <oceanofanything@gmail.com>
Date:   Sat Jan 2 13:48:41 2021 +0530

    2021-01-02T13:48:41+05:30

commit e97913f89c72675d8bacc4da09bf308eace022b9
Author: OCEANOFANYTHINGOFFICIAL <oceanofanything@gmail.com>
Date:   Mon Sep 20 13:48:40 2021 +0530

    2021-09-20T13:48:40+05:30

commit 51b3b7749bc89715e48cd1cf2b828c5f75610d8a
Author: OCEANOFANYTHINGOFFICIAL <oceanofanything@gmail.com>
Date:   Wed Jul 21 13:48:40 2021 +0530

    2021-07-21T13:48:40+05:30

commit 55b2ad30e7db960f53b57ecda9393c16e9ac6547
Author: OCEANOFANYTHINGOFFICIAL <oceanofanything@gmail.com>
Date:   Thu Dec 3 13:48:39 2020 +0530

    2020-12-03T13:48:39+05:30

commit 7eb4bdacf9a84d94d59292029268136d8fcce74c
Author: OCEANOFANYTHINGOFFICIAL <oceanofanything@gmail.com>
Date:   Sat Dec 5 13:48:38 2020 +0530

    2020-12-05T13:48:38+05:30

commit e2afd59d2350d0b493eacc375847336d7537ae1e
Author: OCEANOFANYTHINGOFFICIAL <oceanofanything@gmail.com>
Date:   Wed Jun 2 13:48:37 2021 +0530

    2021-06-02T13:48:37+05:30

commit 9619c9319245ae1789a282b2edbf062f433d7604
Author: OCEANOFANYTHINGOFFICIAL <oceanofanything@gmail.com>
Date:   Wed Oct 14 13:48:37 2020 +0530

    2020-10-14T13:48:37+05:30

commit 18f4454972da99bce4bf4cf11059c2a84cf7be18
Author: OCEANOFANYTHINGOFFICIAL <oceanofanything@gmail.com>
Date:   Sat Nov 14 13:48:36 2020 +0530

    2020-11-14T13:48:36+05:30

commit 3bd9a25270c6acb51f911a49c574538f70ada2df
Author: OCEANOFANYTHINGOFFICIAL <oceanofanything@gmail.com>
Date:   Tue Apr 20 13:48:35 2021 +0530

    2021-04-20T13:48:35+05:30

commit 6c952b1528673484eff7742361c35666f274b787
Author: OCEANOFANYTHINGOFFICIAL <oceanofanything@gmail.com>
Date:   Sun Sep 19 13:48:34 2021 +0530

    2021-09-19T13:48:34+05:30

commit 26fc65deca388d51321aa50b27338e8c834d0405
Author: OCEANOFANYTHINGOFFICIAL <oceanofanything@gmail.com>
Date:   Fri Sep 24 13:48:33 2021 +0530

    2021-09-24T13:48:33+05:30

commit bbd3c3fc1553d315737344097a0b2739a45ce4df
Author: OCEANOFANYTHINGOFFICIAL <oceanofanything@gmail.com>
Date:   Fri Sep 17 13:48:32 2021 +0530

    2021-09-17T13:48:32+05:30

commit 73d58afed7896238d8dd8052da84a9f080d316a7
Author: OCEANOFANYTHINGOFFICIAL <oceanofanything@gmail.com>
Date:   Sun Apr 25 13:48:31 2021 +0530

    2021-04-25T13:48:31+05:30

commit a8809c26d17d7719c28a776a2636b95f453ec685
Author: OCEANOFANYTHINGOFFICIAL <oceanofanything@gmail.com>
Date:   Tue Nov 17 13:48:31 2020 +0530

    2020-11-17T13:48:31+05:30

commit 7186a48a7ffa6ff32b26963b2a116356aa0433f6
Author: OCEANOFANYTHINGOFFICIAL <oceanofanything@gmail.com>
Date:   Wed Apr 28 13:48:30 2021 +0530

    2021-04-28T13:48:30+05:30

commit 0e9ef71b6017d19d06bd073de1ca81e50a766df7
Author: OCEANOFANYTHINGOFFICIAL <oceanofanything@gmail.com>
Date:   Mon Feb 8 13:48:29 2021 +0530

    2021-02-08T13:48:29+05:30

commit f97e35d25e6e37859057ca325b95de256b6e8c75
Author: OCEANOFANYTHINGOFFICIAL <oceanofanything@gmail.com>
Date:   Tue Apr 27 13:48:28 2021 +0530

    2021-04-27T13:48:28+05:30

commit a635bbcf174e3b8a602844147839821d163dd353
Author: OCEANOFANYTHINGOFFICIAL <oceanofanything@gmail.com>
Date:   Wed Sep 22 13:48:28 2021 +0530

    2021-09-22T13:48:28+05:30

commit ba68c8555f0fb4e04dbf325d51ed8481eda56902
Author: OCEANOFANYTHINGOFFICIAL <oceanofanything@gmail.com>
Date:   Sat May 22 13:48:27 2021 +0530

    2021-05-22T13:48:27+05:30

commit 1ba259b3db9e10beffdc4a4f4146f4c01c3f7268
Author: OCEANOFANYTHINGOFFICIAL <oceanofanything@gmail.com>
Date:   Mon Aug 23 13:48:26 2021 +0530

    2021-08-23T13:48:26+05:30

commit 366e4f204fc37f99adda9c8ee993d2562a71d5d8
Author: OCEANOFANYTHINGOFFICIAL <oceanofanything@gmail.com>
Date:   Tue Oct 5 13:48:25 2021 +0530

    2021-10-05T13:48:25+05:30

commit 4bbae8a0bd79e9df8b26322e432c4188b02e865f
Author: OCEANOFANYTHINGOFFICIAL <oceanofanything@gmail.com>
Date:   Sat May 29 13:48:25 2021 +0530

    2021-05-29T13:48:25+05:30

commit b7d8bd752a339afe475905ac656f307de1acc1fa
Author: OCEANOFANYTHINGOFFICIAL <oceanofanything@gmail.com>
Date:   Mon Mar 29 13:48:24 2021 +0530

    2021-03-29T13:48:24+05:30

commit b4fff13df4f5f32cf041bbfa2e15de87e6171a16
Author: OCEANOFANYTHINGOFFICIAL <oceanofanything@gmail.com>
Date:   Wed Oct 6 13:48:23 2021 +0530

    2021-10-06T13:48:23+05:30

commit 0cbe41791f9d8caf954d48a32da703942d85b6c5
Author: OCEANOFANYTHINGOFFICIAL <oceanofanything@gmail.com>
Date:   Tue Oct 27 13:48:22 2020 +0530

    2020-10-27T13:48:22+05:30

commit 91e0a765c3921bd30df429765fb2afbdc6167b2f
Author: OCEANOFANYTHINGOFFICIAL <oceanofanything@gmail.com>
Date:   Fri Jun 11 13:48:22 2021 +0530

    2021-06-11T13:48:22+05:30

commit f48536c9668aa729a0e8c3d7f572e8bffc618976
Author: OCEANOFANYTHINGOFFICIAL <oceanofanything@gmail.com>
Date:   Tue Nov 3 13:48:21 2020 +0530

    2020-11-03T13:48:21+05:30

commit 8c6d986e4b181743be08b6c784539449efc8652c
Author: OCEANOFANYTHINGOFFICIAL <oceanofanything@gmail.com>
Date:   Tue Feb 2 13:48:20 2021 +0530

    2021-02-02T13:48:20+05:30

commit 442706039b7ad49ccd6f6f6abace162ac43b5e5c
Author: OCEANOFANYTHINGOFFICIAL <oceanofanything@gmail.com>
Date:   Fri Jan 15 13:48:19 2021 +0530

    2021-01-15T13:48:19+05:30

commit 975ed9a25c96850810b110c531f971f0e73dae05
Author: OCEANOFANYTHINGOFFICIAL <oceanofanything@gmail.com>
Date:   Wed Nov 25 13:48:19 2020 +0530

    2020-11-25T13:48:19+05:30

commit e89e6fdcf4c3a6ec51a522190eaeb7aadb894704
Author: OCEANOFANYTHINGOFFICIAL <oceanofanything@gmail.com>
Date:   Thu Aug 5 13:48:18 2021 +0530

    2021-08-05T13:48:18+05:30

commit 8d4e93364adcf48fe151a404eac67ef3305de053
Author: OCEANOFANYTHINGOFFICIAL <oceanofanything@gmail.com>
Date:   Thu Apr 22 13:48:17 2021 +0530

    2021-04-22T13:48:17+05:30

commit 1b53ea271dc5e595ae0eb21ba683d9d6a2050e98
Author: OCEANOFANYTHINGOFFICIAL <oceanofanything@gmail.com>
Date:   Sat Aug 21 13:48:16 2021 +0530

    2021-08-21T13:48:16+05:30

commit 13c3e5c196a5ca2ebb0a26fa1f81b6d2d6e832ae
Author: OCEANOFANYTHINGOFFICIAL <oceanofanything@gmail.com>
Date:   Mon Oct 26 13:48:16 2020 +0530

    2020-10-26T13:48:16+05:30

commit ee5f97f26157dc56dba69c868ef02ee2579f9da3
Author: OCEANOFANYTHINGOFFICIAL <oceanofanything@gmail.com>
Date:   Fri Oct 30 13:48:15 2020 +0530

    2020-10-30T13:48:15+05:30

commit 657bb62c60fcdb75d8df0f42e8b300ef9bf6f109
Author: OCEANOFANYTHINGOFFICIAL <oceanofanything@gmail.com>
Date:   Sun Nov 22 13:48:14 2020 +0530

    2020-11-22T13:48:14+05:30

commit b6b62b33111b3f4004bef0d3cba5333d1f540d55
Author: OCEANOFANYTHINGOFFICIAL <oceanofanything@gmail.com>
Date:   Sun Mar 28 13:48:13 2021 +0530

    2021-03-28T13:48:13+05:30

commit c1830b1c516af67633138af8079ef3c34b6d3fc0
Author: OCEANOFANYTHINGOFFICIAL <oceanofanything@gmail.com>
Date:   Fri Jul 23 13:48:12 2021 +0530

    2021-07-23T13:48:12+05:30

commit c12165e7e4582322d00238d89ee29907d6e00773
Author: OCEANOFANYTHINGOFFICIAL <oceanofanything@gmail.com>
Date:   Sun Mar 21 13:48:12 2021 +0530

    2021-03-21T13:48:12+05:30

commit b697b9ec61587e5d1d6fc1158fd2c9cbd7bdbaba
Author: OCEANOFANYTHINGOFFICIAL <oceanofanything@gmail.com>
Date:   Fri Apr 9 13:48:11 2021 +0530

    2021-04-09T13:48:11+05:30

commit 4560d95b1161acb6be9b467d9c7946ecab26f684
Author: OCEANOFANYTHINGOFFICIAL <oceanofanything@gmail.com>
Date:   Wed Jun 16 13:48:10 2021 +0530

    2021-06-16T13:48:10+05:30

commit 340fb6f024ad4f8a9dad7046eb21929c3796c44e
Author: OCEANOFANYTHINGOFFICIAL <oceanofanything@gmail.com>
Date:   Wed Jan 6 13:48:09 2021 +0530

    2021-01-06T13:48:09+05:30

commit 1fc9b1a3c947f49aa488e6b73475974e9fecd09f
Author: OCEANOFANYTHINGOFFICIAL <oceanofanything@gmail.com>
Date:   Sun May 16 13:48:09 2021 +0530

    2021-05-16T13:48:09+05:30

commit 3d77681c4459fc70714e0d1bad3e86b9937c1fe4
Author: OCEANOFANYTHINGOFFICIAL <oceanofanything@gmail.com>
Date:   Sun Nov 29 13:48:08 2020 +0530

    2020-11-29T13:48:08+05:30

commit 628165b538196641c6f53f1a36db0591e5d76ed8
Author: OCEANOFANYTHINGOFFICIAL <oceanofanything@gmail.com>
Date:   Sun Jan 24 13:48:07 2021 +0530

    2021-01-24T13:48:07+05:30

commit 619ac5f8896a077d3963dc166886256e96be2f91
Author: OCEANOFANYTHINGOFFICIAL <oceanofanything@gmail.com>
Date:   Fri Sep 3 13:48:06 2021 +0530

    2021-09-03T13:48:06+05:30

commit d097844200771f1ac5eb1d2c68beb60dc2a8a52f
Author: OCEANOFANYTHINGOFFICIAL <oceanofanything@gmail.com>
Date:   Thu Oct 8 13:48:06 2020 +0530

    2020-10-08T13:48:06+05:30

commit 5bb6b4810b001b811f4d6ef1b3932c9ff1ca231f
Author: OCEANOFANYTHINGOFFICIAL <oceanofanything@gmail.com>
Date:   Thu Dec 10 13:48:05 2020 +0530

    2020-12-10T13:48:05+05:30

commit 402a27648086da87587b2c3ee60e52b4ba929d34
Author: OCEANOFANYTHINGOFFICIAL <oceanofanything@gmail.com>
Date:   Mon Feb 22 13:48:04 2021 +0530

    2021-02-22T13:48:04+05:30

commit 980d8c04636360118aaf52b34a44a9684cc5951c
Author: OCEANOFANYTHINGOFFICIAL <oceanofanything@gmail.com>
Date:   Sat Nov 28 13:48:03 2020 +0530

    2020-11-28T13:48:03+05:30

commit ed247e29f8137617a771db3ea6b38c4e34627259
Author: OCEANOFANYTHINGOFFICIAL <oceanofanything@gmail.com>
Date:   Thu Jun 17 13:48:03 2021 +0530

    2021-06-17T13:48:03+05:30

commit f36ab2724ffa896fb735781f421c9bb2c766b800
Author: OCEANOFANYTHINGOFFICIAL <oceanofanything@gmail.com>
Date:   Fri Dec 18 13:48:02 2020 +0530

    2020-12-18T13:48:02+05:30

commit 7a657285da9a104a0af2a6d2f58c3a2a6e435fc8
Author: OCEANOFANYTHINGOFFICIAL <oceanofanything@gmail.com>
Date:   Mon Apr 12 13:48:01 2021 +0530

    2021-04-12T13:48:01+05:30

commit e297d4a7fd4a04039829de5b21a9931fcf21f02e
Author: OCEANOFANYTHINGOFFICIAL <oceanofanything@gmail.com>
Date:   Fri Feb 12 13:48:00 2021 +0530

    2021-02-12T13:48:00+05:30

commit 1409f66d4458e24d0348c310c6c724b3f03ce730
Author: OCEANOFANYTHINGOFFICIAL <oceanofanything@gmail.com>
Date:   Sat Apr 17 13:48:00 2021 +0530

    2021-04-17T13:48:00+05:30

commit d40020284895fedfa8ffe475de5ac1ec1d129865
Author: OCEANOFANYTHINGOFFICIAL <oceanofanything@gmail.com>
Date:   Mon Jul 12 13:47:59 2021 +0530

    2021-07-12T13:47:59+05:30

commit c6513531387ee7592e8d95b66613c717e744a662
Author: OCEANOFANYTHINGOFFICIAL <oceanofanything@gmail.com>
Date:   Sat Jan 2 13:47:58 2021 +0530

    2021-01-02T13:47:58+05:30

commit 925eac080200fa19d3cab04b6f2b10dc600c7b12
Author: OCEANOFANYTHINGOFFICIAL <oceanofanything@gmail.com>
Date:   Sat Jan 30 13:47:57 2021 +0530

    2021-01-30T13:47:57+05:30

commit a17f1f4ca300f6b9543f28b2290cf6ca23ee6e28
Author: OCEANOFANYTHINGOFFICIAL <oceanofanything@gmail.com>
Date:   Fri Aug 6 13:47:57 2021 +0530

    2021-08-06T13:47:57+05:30

commit c58d90bf032bd1fa5c648e4f5f6692ea4a3665d9
Author: OCEANOFANYTHINGOFFICIAL <oceanofanything@gmail.com>
Date:   Mon Apr 26 13:47:56 2021 +0530

    2021-04-26T13:47:56+05:30

commit 903684a51c3282eebef99b65245c5b6410c3d963
Author: OCEANOFANYTHINGOFFICIAL <oceanofanything@gmail.com>
Date:   Mon Aug 16 13:47:55 2021 +0530

    2021-08-16T13:47:55+05:30

commit 63745bba90dc68e0e62488ed480446a56d80dcf0
Author: OCEANOFANYTHINGOFFICIAL <oceanofanything@gmail.com>
Date:   Fri Oct 8 13:47:54 2021 +0530

    2021-10-08T13:47:54+05:30

commit 2947ac25eacf71263889631b478057db838ee02d
Author: OCEANOFANYTHINGOFFICIAL <oceanofanything@gmail.com>
Date:   Thu Dec 3 13:47:54 2020 +0530

    2020-12-03T13:47:54+05:30

commit f5bb25f4a595468cb3b3df3ed8f4c88a6c3ea146
Author: OCEANOFANYTHINGOFFICIAL <oceanofanything@gmail.com>
Date:   Thu Feb 4 13:47:53 2021 +0530

    2021-02-04T13:47:53+05:30

commit 0b02ebec1917ae31fcb7b6403bcfc96ec017b261
Author: OCEANOFANYTHINGOFFICIAL <oceanofanything@gmail.com>
Date:   Wed Feb 10 13:47:52 2021 +0530

    2021-02-10T13:47:52+05:30

commit f9ea9e42a75a2e16406d1e6c2c163c9015d16a93
Author: OCEANOFANYTHINGOFFICIAL <oceanofanything@gmail.com>
Date:   Thu Jan 14 13:47:51 2021 +0530

    2021-01-14T13:47:51+05:30

commit 7478308656ca999c3308fa12932743995a8f3f47
Author: OCEANOFANYTHINGOFFICIAL <oceanofanything@gmail.com>
Date:   Tue Nov 3 13:47:51 2020 +0530

    2020-11-03T13:47:51+05:30

commit ad46aeb6807aa567edb83742433cd13a86a0eac0
Author: OCEANOFANYTHINGOFFICIAL <oceanofanything@gmail.com>
Date:   Wed Apr 14 13:47:50 2021 +0530

    2021-04-14T13:47:50+05:30

commit 75e7891f7705e94cb32fef8acef2f9a41c678687
Author: OCEANOFANYTHINGOFFICIAL <oceanofanything@gmail.com>
Date:   Sat Jul 3 13:47:49 2021 +0530

    2021-07-03T13:47:49+05:30

commit d2d56e57b39c84d76f219905e98977926e715ef6
Author: OCEANOFANYTHINGOFFICIAL <oceanofanything@gmail.com>
Date:   Mon Feb 8 13:47:48 2021 +0530

    2021-02-08T13:47:48+05:30

commit 8e879de15dfb9021ca8fa16682adca326f31e00b
Author: OCEANOFANYTHINGOFFICIAL <oceanofanything@gmail.com>
Date:   Wed Jun 9 13:47:47 2021 +0530

    2021-06-09T13:47:47+05:30

commit 5a673dfeea357d4167b3e8254be9b62340666f82
Author: OCEANOFANYTHINGOFFICIAL <oceanofanything@gmail.com>
Date:   Tue Aug 17 13:47:47 2021 +0530

    2021-08-17T13:47:47+05:30

commit cc2b57935d04d62adf1d90ceeb7b4ebee5919599
Author: OCEANOFANYTHINGOFFICIAL <oceanofanything@gmail.com>
Date:   Thu Feb 25 13:47:46 2021 +0530

    2021-02-25T13:47:46+05:30

commit 508c4c7115d59b7a2adc3466c6fc1de76246f060
Author: OCEANOFANYTHINGOFFICIAL <oceanofanything@gmail.com>
Date:   Tue Oct 12 13:47:45 2021 +0530

    2021-10-12T13:47:45+05:30

commit 956371a0221dca6a8db1218df588c77bb5fbe033
Author: OCEANOFANYTHINGOFFICIAL <oceanofanything@gmail.com>
Date:   Fri Jan 29 13:47:44 2021 +0530

    2021-01-29T13:47:44+05:30

commit 62dce057de1e4def1603df6c9760c77f270abbff
Author: OCEANOFANYTHINGOFFICIAL <oceanofanything@gmail.com>
Date:   Sun Aug 8 13:47:44 2021 +0530

    2021-08-08T13:47:44+05:30

commit 8bc4ab026df24dae5c43ea1fbe0ae59ea603eb5a
Author: OCEANOFANYTHINGOFFICIAL <oceanofanything@gmail.com>
Date:   Fri Feb 5 13:47:43 2021 +0530

    2021-02-05T13:47:43+05:30

commit 1dd78b466d7df2bd21984dc7d4d7d93b98fbcec4
Author: OCEANOFANYTHINGOFFICIAL <oceanofanything@gmail.com>
Date:   Mon Feb 15 13:47:42 2021 +0530

    2021-02-15T13:47:42+05:30

commit b776bb89bbf5e2f2b0ef45e47d21fbf97feb3fd8
Author: OCEANOFANYTHINGOFFICIAL <oceanofanything@gmail.com>
Date:   Fri Jul 9 13:47:41 2021 +0530

    2021-07-09T13:47:41+05:30

commit 5ddda9e8eecfd17af9266a32e6e370b2939e3287
Author: OCEANOFANYTHINGOFFICIAL <oceanofanything@gmail.com>
Date:   Tue Mar 2 13:47:40 2021 +0530

    2021-03-02T13:47:40+05:30

commit a4336914c8fc07f63c61e5ff5e8bde44986c2524
Author: OCEANOFANYTHINGOFFICIAL <oceanofanything@gmail.com>
Date:   Mon Nov 2 13:47:40 2020 +0530

    2020-11-02T13:47:40+05:30

commit 07ef5572665ea4b1f5b35d61eca777f19842cdf5
Author: OCEANOFANYTHINGOFFICIAL <oceanofanything@gmail.com>
Date:   Wed Jan 27 13:47:39 2021 +0530

    2021-01-27T13:47:39+05:30

commit 8b2fec7ec47cb5ac3465b3b9d233d25313edadad
Author: OCEANOFANYTHINGOFFICIAL <oceanofanything@gmail.com>
Date:   Thu Oct 15 13:47:38 2020 +0530

    2020-10-15T13:47:38+05:30

commit 49fc16c097287cd9476ed2319ef473eeeed2cc6f
Author: OCEANOFANYTHINGOFFICIAL <oceanofanything@gmail.com>
Date:   Sun Oct 18 13:47:37 2020 +0530

    2020-10-18T13:47:37+05:30

commit 35ae7cabdb057ec3f4fce7a6ef3840922232fa8a
Author: OCEANOFANYTHINGOFFICIAL <oceanofanything@gmail.com>
Date:   Mon Nov 30 13:47:37 2020 +0530

    2020-11-30T13:47:37+05:30

commit 06f4721931178fb04ac89efb3e1916fbd63c24f3
Author: OCEANOFANYTHINGOFFICIAL <oceanofanything@gmail.com>
Date:   Tue Sep 29 13:47:36 2020 +0530

    2020-09-29T13:47:36+05:30

commit 85fb8adf21949f9396df84c821f4746ae3408bbc
Author: OCEANOFANYTHINGOFFICIAL <oceanofanything@gmail.com>
Date:   Thu Jan 21 13:47:35 2021 +0530

    2021-01-21T13:47:35+05:30

commit a36b1366079b501c307e00c7fccf6306ea62e181
Author: OCEANOFANYTHINGOFFICIAL <oceanofanything@gmail.com>
Date:   Wed Apr 21 13:47:34 2021 +0530

    2021-04-21T13:47:34+05:30

commit 3899f90d5b29f0442e11fac68cdd086032ebd9b7
Author: OCEANOFANYTHINGOFFICIAL <oceanofanything@gmail.com>
Date:   Sun Dec 6 13:47:34 2020 +0530

    2020-12-06T13:47:34+05:30

commit 527fcee907303f68092319bf1f6e4bd03a231296
Author: OCEANOFANYTHINGOFFICIAL <oceanofanything@gmail.com>
Date:   Wed Oct 7 13:47:33 2020 +0530

    2020-10-07T13:47:33+05:30

commit 02467d712f62ece30ebd45e103c70c2a63cc48d9
Author: OCEANOFANYTHINGOFFICIAL <oceanofanything@gmail.com>
Date:   Tue Feb 16 13:47:32 2021 +0530

    2021-02-16T13:47:32+05:30

commit a6b0286e8df87850475739c98d72ed8d33926f90
Author: OCEANOFANYTHINGOFFICIAL <oceanofanything@gmail.com>
Date:   Tue Dec 1 13:47:31 2020 +0530

    2020-12-01T13:47:31+05:30

commit 4920850cb15d60935448a1532326e0e5d50ae1de
Author: OCEANOFANYTHINGOFFICIAL <oceanofanything@gmail.com>
Date:   Mon Mar 29 13:47:31 2021 +0530

    2021-03-29T13:47:31+05:30

commit baac8549aa37467e1c9836312ba89cc9bcee72ea
Author: OCEANOFANYTHINGOFFICIAL <oceanofanything@gmail.com>
Date:   Mon Jun 21 13:47:30 2021 +0530

    2021-06-21T13:47:30+05:30

commit 0ad1a08222c8df9ce8083d619d353d776d6dbb04
Author: OCEANOFANYTHINGOFFICIAL <oceanofanything@gmail.com>
Date:   Sat Oct 10 13:47:29 2020 +0530

    2020-10-10T13:47:29+05:30

commit ab6aa4fbfabb5a7adf7e45020653c4f7287be1ee
Author: OCEANOFANYTHINGOFFICIAL <oceanofanything@gmail.com>
Date:   Sat Feb 27 13:47:28 2021 +0530

    2021-02-27T13:47:28+05:30

commit b47db8497742c0f8c5e79a5b4f59393cf94ff211
Author: OCEANOFANYTHINGOFFICIAL <oceanofanything@gmail.com>
Date:   Fri Feb 5 13:47:27 2021 +0530

    2021-02-05T13:47:27+05:30

commit 69a5beff52891950fefe2bc6e338be0854bcf5f3
Author: OCEANOFANYTHINGOFFICIAL <oceanofanything@gmail.com>
Date:   Sat Jan 30 13:47:26 2021 +0530

    2021-01-30T13:47:26+05:30

commit c7668dcaae18e6e1487e153e19a0c70d1c449319
Author: OCEANOFANYTHINGOFFICIAL <oceanofanything@gmail.com>
Date:   Thu Jul 29 13:47:25 2021 +0530

    2021-07-29T13:47:25+05:30

commit 2544d569ff0915089cd93674e2e36b5f4e244e76
Author: OCEANOFANYTHINGOFFICIAL <oceanofanything@gmail.com>
Date:   Tue Aug 10 13:47:24 2021 +0530

    2021-08-10T13:47:24+05:30

commit 3d068ebf74206ddc3599fafc67db652398994254
Author: OCEANOFANYTHINGOFFICIAL <oceanofanything@gmail.com>
Date:   Tue Jul 27 13:47:23 2021 +0530

    2021-07-27T13:47:23+05:30

commit 6e0670a2c8163d30803ed3dd4cd6854b41dc8b29
Author: OCEANOFANYTHINGOFFICIAL <oceanofanything@gmail.com>
Date:   Sun Aug 15 13:47:23 2021 +0530

    2021-08-15T13:47:23+05:30

commit e23c464ed5053abcb8cce67319500396c44d0983
Author: OCEANOFANYTHINGOFFICIAL <oceanofanything@gmail.com>
Date:   Sat Nov 28 13:47:22 2020 +0530

    2020-11-28T13:47:22+05:30

commit b206216ffb9749e9a5897354859ead623a1592ef
Author: OCEANOFANYTHINGOFFICIAL <oceanofanything@gmail.com>
Date:   Sat Apr 17 13:47:21 2021 +0530

    2021-04-17T13:47:21+05:30

commit caaafa0e183639382003d0b2eb9fbc75b63c7a46
Author: OCEANOFANYTHINGOFFICIAL <oceanofanything@gmail.com>
Date:   Wed Jan 20 13:47:20 2021 +0530

    2021-01-20T13:47:20+05:30

commit 927663408ae018f04a0694cff13ce2bb2d20201c
Author: OCEANOFANYTHINGOFFICIAL <oceanofanything@gmail.com>
Date:   Tue Nov 3 13:47:20 2020 +0530

    2020-11-03T13:47:20+05:30

commit f260ef4258e2d9c1c88538b378e04928561ed193
Author: OCEANOFANYTHINGOFFICIAL <oceanofanything@gmail.com>
Date:   Wed May 5 13:47:19 2021 +0530

    2021-05-05T13:47:19+05:30

commit 1ade878de7c86a971e7fb4cffa47baaae659bec7
Author: OCEANOFANYTHINGOFFICIAL <oceanofanything@gmail.com>
Date:   Wed May 19 13:47:18 2021 +0530

    2021-05-19T13:47:18+05:30

commit f56e578ecf71a3d89e9aca296637f93770693f06
Author: OCEANOFANYTHINGOFFICIAL <oceanofanything@gmail.com>
Date:   Tue Mar 23 13:47:17 2021 +0530

    2021-03-23T13:47:17+05:30

commit c38b7754ae914c2ae13fb3cb1c20cfc854b9a40d
Author: OCEANOFANYTHINGOFFICIAL <oceanofanything@gmail.com>
Date:   Thu Jun 24 13:47:17 2021 +0530

    2021-06-24T13:47:17+05:30

commit f9bec0f9bb85be4484fbcc36bf4c4ae85b6e2cee
Author: OCEANOFANYTHINGOFFICIAL <oceanofanything@gmail.com>
Date:   Thu Dec 31 13:47:16 2020 +0530

    2020-12-31T13:47:16+05:30

commit d072e11a9dd078cc97c7391048f69c2b19860056
Author: OCEANOFANYTHINGOFFICIAL <oceanofanything@gmail.com>
Date:   Mon Aug 16 13:47:15 2021 +0530

    2021-08-16T13:47:15+05:30

commit 95187c17e9dca0409f3b71bd445d9f5e32ed0dff
Author: OCEANOFANYTHINGOFFICIAL <oceanofanything@gmail.com>
Date:   Thu Oct 14 13:47:14 2021 +0530

    2021-10-14T13:47:14+05:30

commit 35b38b8cf854c7b647167069a3412fa65eaf2b8a
Author: OCEANOFANYTHINGOFFICIAL <oceanofanything@gmail.com>
Date:   Mon Sep 27 13:47:14 2021 +0530

    2021-09-27T13:47:14+05:30

commit b54c316d59e36449ed0e9d2ad0c1967d4b27ebca
Author: OCEANOFANYTHINGOFFICIAL <oceanofanything@gmail.com>
Date:   Sat Nov 28 13:47:13 2020 +0530

    2020-11-28T13:47:13+05:30

commit a679ceada04d69a332631c43f88c34cca08cfaa0
Author: OCEANOFANYTHINGOFFICIAL <oceanofanything@gmail.com>
Date:   Mon Nov 9 13:47:12 2020 +0530

    2020-11-09T13:47:12+05:30

commit a37810aa75bcde13076f26b2d424f793a3e8cea9
Author: OCEANOFANYTHINGOFFICIAL <oceanofanything@gmail.com>
Date:   Tue Sep 28 13:47:11 2021 +0530

    2021-09-28T13:47:11+05:30

commit 5785254a6f5334010ef2c4ee8c08fc83010bd2ce
Author: OCEANOFANYTHINGOFFICIAL <oceanofanything@gmail.com>
Date:   Wed Mar 10 13:47:10 2021 +0530

    2021-03-10T13:47:10+05:30

commit 59c625cfc3ea8bcd86dbbfe06a06089aa4bdc776
Author: OCEANOFANYTHINGOFFICIAL <oceanofanything@gmail.com>
Date:   Wed Dec 23 13:47:10 2020 +0530

    2020-12-23T13:47:10+05:30

commit c109178b28e48031003fe30f38e3fb3a4d36ce65
Author: OCEANOFANYTHINGOFFICIAL <oceanofanything@gmail.com>
Date:   Tue Jul 27 13:47:09 2021 +0530

    2021-07-27T13:47:09+05:30

commit 35fef528b781029419a6b44e7186f822a5f9529d
Author: OCEANOFANYTHINGOFFICIAL <oceanofanything@gmail.com>
Date:   Tue Feb 9 13:47:08 2021 +0530

    2021-02-09T13:47:08+05:30

commit 1d9a8b184ddda0cc234d146b1c29962b2f546b6f
Author: OCEANOFANYTHINGOFFICIAL <oceanofanything@gmail.com>
Date:   Tue Mar 2 13:47:07 2021 +0530

    2021-03-02T13:47:07+05:30

commit 3e200719da10a8897ec203f6f8656151fd660d6c
Author: OCEANOFANYTHINGOFFICIAL <oceanofanything@gmail.com>
Date:   Wed Sep 30 13:47:07 2020 +0530

    2020-09-30T13:47:07+05:30

commit 53a3d442189ba9659ac48be0795dbc615ea4be5e
Author: OCEANOFANYTHINGOFFICIAL <oceanofanything@gmail.com>
Date:   Fri Jul 9 13:47:06 2021 +0530

    2021-07-09T13:47:06+05:30

commit b4e97a05a4ca5f47aca9c4b2320761547700e3e6
Author: OCEANOFANYTHINGOFFICIAL <oceanofanything@gmail.com>
Date:   Sun Jul 18 13:47:05 2021 +0530

    2021-07-18T13:47:05+05:30

commit c6d58c7eb0a0f803565b7abf0b50ab4476ab05fe
Author: OCEANOFANYTHINGOFFICIAL <oceanofanything@gmail.com>
Date:   Mon Feb 8 13:47:04 2021 +0530

    2021-02-08T13:47:04+05:30

commit 9b607b02373555481361a9d0b32a17f8e830aa31
Author: OCEANOFANYTHINGOFFICIAL <oceanofanything@gmail.com>
Date:   Fri Apr 23 13:47:03 2021 +0530

    2021-04-23T13:47:03+05:30

commit df2fb9512ea218e7b09748410bc4fa6ce5ac6be3
Author: OCEANOFANYTHINGOFFICIAL <oceanofanything@gmail.com>
Date:   Fri Jan 29 13:47:03 2021 +0530

    2021-01-29T13:47:03+05:30

commit 322860e15f8cc99b818e46da7b609f7e336496bd
Author: OCEANOFANYTHINGOFFICIAL <oceanofanything@gmail.com>
Date:   Wed Jan 20 13:47:02 2021 +0530

    2021-01-20T13:47:02+05:30

commit 56c7334ca7b29c17d657b9912cbc7dcc1c4e72ad
Author: OCEANOFANYTHINGOFFICIAL <oceanofanything@gmail.com>
Date:   Sun May 30 13:47:01 2021 +0530

    2021-05-30T13:47:01+05:30

commit 5a11715f634bd05c2e8a51cc631e94dd4354127f
Author: OCEANOFANYTHINGOFFICIAL <oceanofanything@gmail.com>
Date:   Sat Feb 13 13:47:00 2021 +0530

    2021-02-13T13:47:00+05:30

commit 66fe3b3932ec1c259229e27d547ed17eb0d24682
Author: OCEANOFANYTHINGOFFICIAL <oceanofanything@gmail.com>
Date:   Fri Apr 9 13:47:00 2021 +0530

    2021-04-09T13:47:00+05:30

commit f699ff79833c7f62619e4a025052d22c010964b4
Author: OCEANOFANYTHINGOFFICIAL <oceanofanything@gmail.com>
Date:   Tue May 18 13:46:59 2021 +0530

    2021-05-18T13:46:59+05:30

commit 08f061b40cc57eea435dfe4d4d00a90286f316b6
Author: OCEANOFANYTHINGOFFICIAL <oceanofanything@gmail.com>
Date:   Mon Jul 5 13:46:58 2021 +0530

    2021-07-05T13:46:58+05:30

commit 3f523a6597e74481139e53538768a6b4557a945b
Author: OCEANOFANYTHINGOFFICIAL <oceanofanything@gmail.com>
Date:   Thu Aug 26 13:46:57 2021 +0530

    2021-08-26T13:46:57+05:30

commit 3e775cd0778373bb5b43fa5cfed6f5287b3a7627
Author: OCEANOFANYTHINGOFFICIAL <oceanofanything@gmail.com>
Date:   Sat Oct 31 13:46:56 2020 +0530

    2020-10-31T13:46:56+05:30

commit ae7e5ce71af336a75778facfa92086bb867ebff7
Author: OCEANOFANYTHINGOFFICIAL <oceanofanything@gmail.com>
Date:   Sun Aug 15 13:46:56 2021 +0530

    2021-08-15T13:46:56+05:30

commit d4ec2eb9c1e9077616e0ab30c2b34b50c4bee063
Author: OCEANOFANYTHINGOFFICIAL <oceanofanything@gmail.com>
Date:   Sat May 8 13:46:55 2021 +0530

    2021-05-08T13:46:55+05:30

commit e2b0e26e0a5f2f50caa7be69533760f804d2976c
Author: OCEANOFANYTHINGOFFICIAL <oceanofanything@gmail.com>
Date:   Sat Nov 7 13:46:54 2020 +0530

    2020-11-07T13:46:54+05:30

commit 9f00801c1e6550dab41f7b73ff5c88ebf1c4777c
Author: OCEANOFANYTHINGOFFICIAL <oceanofanything@gmail.com>
Date:   Sun Oct 17 13:46:53 2021 +0530

    2021-10-17T13:46:53+05:30

commit dbdf29fef306086bbd963fcf261610f89aa0e5b4
Author: OCEANOFANYTHINGOFFICIAL <oceanofanything@gmail.com>
Date:   Sun Aug 8 13:46:53 2021 +0530

    2021-08-08T13:46:53+05:30

commit f099ffec0492eca52fee76be13e92f410b8bb868
Author: OCEANOFANYTHINGOFFICIAL <oceanofanything@gmail.com>
Date:   Mon May 31 13:46:52 2021 +0530

    2021-05-31T13:46:52+05:30

commit 6091653341c6913965c665e31a5a1471b759e8e8
Author: OCEANOFANYTHINGOFFICIAL <oceanofanything@gmail.com>
Date:   Wed Sep 22 13:46:51 2021 +0530

    2021-09-22T13:46:51+05:30

commit 596c1fb88749969cb1ea921097ae1ceef45509d4
Author: OCEANOFANYTHINGOFFICIAL <oceanofanything@gmail.com>
Date:   Tue Jan 12 13:46:50 2021 +0530

    2021-01-12T13:46:50+05:30

commit 3e58a4e5baa83063d80b9b7e9532a1a8f00172e5
Author: OCEANOFANYTHINGOFFICIAL <oceanofanything@gmail.com>
Date:   Wed Feb 3 13:46:50 2021 +0530

    2021-02-03T13:46:50+05:30

commit 732ead6823a3d08baf7907a8268d4a052a912efe
Author: OCEANOFANYTHINGOFFICIAL <oceanofanything@gmail.com>
Date:   Fri Jun 18 13:46:49 2021 +0530

    2021-06-18T13:46:49+05:30

commit 379d140a3578545d77c78505241fbca19f999329
Author: OCEANOFANYTHINGOFFICIAL <oceanofanything@gmail.com>
Date:   Fri Apr 30 13:46:48 2021 +0530

    2021-04-30T13:46:48+05:30

commit 6e3a80e15299341dd01733b0649fb7a720211339
Author: OCEANOFANYTHINGOFFICIAL <oceanofanything@gmail.com>
Date:   Tue Oct 6 13:46:47 2020 +0530

    2020-10-06T13:46:47+05:30

commit 1af0e9666e3c7bfd87f1ac24914e9acdfc87a54c
Author: OCEANOFANYTHINGOFFICIAL <oceanofanything@gmail.com>
Date:   Tue May 25 13:46:46 2021 +0530

    2021-05-25T13:46:46+05:30

commit 461d7c8be80d420ba8da472b01e4d8650de9e34c
Author: OCEANOFANYTHINGOFFICIAL <oceanofanything@gmail.com>
Date:   Mon Dec 7 13:46:46 2020 +0530

    2020-12-07T13:46:46+05:30

commit b7235f4d61c8847a0c360804709e20dc3d5a4149
Author: OCEANOFANYTHINGOFFICIAL <oceanofanything@gmail.com>
Date:   Sat Sep 18 13:46:45 2021 +0530

    2021-09-18T13:46:45+05:30

commit 1dfdb7c170537e2e2027e53de61823fa1a2437e0
Author: OCEANOFANYTHINGOFFICIAL <oceanofanything@gmail.com>
Date:   Thu Dec 3 13:46:44 2020 +0530

    2020-12-03T13:46:44+05:30

commit 06a83d99997b44f63a97e189c9b53d5e50a8b424
Author: OCEANOFANYTHINGOFFICIAL <oceanofanything@gmail.com>
Date:   Wed Mar 3 13:46:43 2021 +0530

    2021-03-03T13:46:43+05:30

commit b1cfee0bb5bc7694c36ec76887dbad3e49beda34
Author: OCEANOFANYTHINGOFFICIAL <oceanofanything@gmail.com>
Date:   Thu Mar 18 13:46:42 2021 +0530

    2021-03-18T13:46:42+05:30

commit 3fc7be50b62acfa5d07463fe9b8468abca7a1a27
Author: OCEANOFANYTHINGOFFICIAL <oceanofanything@gmail.com>
Date:   Fri Sep 3 13:46:41 2021 +0530

    2021-09-03T13:46:41+05:30

commit a7cc86cc00e16e8ca09e23936d1e98ac6a0ac089
Author: OCEANOFANYTHINGOFFICIAL <oceanofanything@gmail.com>
Date:   Mon Dec 28 13:46:40 2020 +0530

    2020-12-28T13:46:40+05:30

commit 2d84a9a738c72a9a7ac8fa0b1019ca2172595aa4
Author: OCEANOFANYTHINGOFFICIAL <oceanofanything@gmail.com>
Date:   Sun May 2 13:46:39 2021 +0530

    2021-05-02T13:46:39+05:30

commit 724f69b6958baf13e745f642bbe833e38330c8cd
Author: OCEANOFANYTHINGOFFICIAL <oceanofanything@gmail.com>
Date:   Sat Apr 24 13:46:38 2021 +0530

    2021-04-24T13:46:38+05:30

commit 80a3cdf840ef904a99b74de5f54565f11ccaacef
Author: OCEANOFANYTHINGOFFICIAL <oceanofanything@gmail.com>
Date:   Sat Dec 19 13:46:37 2020 +0530

    2020-12-19T13:46:37+05:30

commit b2fa57fe27c9b92d2f1b42a1b004c742f83419b0
Author: OCEANOFANYTHINGOFFICIAL <oceanofanything@gmail.com>
Date:   Fri Jan 15 13:46:36 2021 +0530

    2021-01-15T13:46:36+05:30

commit dd0885c3c66f3915e3bf35301a4cb8b00fcbfb80
Author: OCEANOFANYTHINGOFFICIAL <oceanofanything@gmail.com>
Date:   Mon Jul 5 13:46:35 2021 +0530

    2021-07-05T13:46:35+05:30

commit fc56008c0297e2fe01df6c2f3907d547ab1298c9
Author: OCEANOFANYTHINGOFFICIAL <oceanofanything@gmail.com>
Date:   Fri Sep 3 13:46:34 2021 +0530

    2021-09-03T13:46:34+05:30

commit 0a9a2014292382c7f9b5e379ddbcb139f16936c4
Author: OCEANOFANYTHINGOFFICIAL <oceanofanything@gmail.com>
Date:   Sun Jul 11 13:46:33 2021 +0530

    2021-07-11T13:46:33+05:30

commit 819c83edf9df72dc19e8abcc81089ddf9affa076
Author: OCEANOFANYTHINGOFFICIAL <oceanofanything@gmail.com>
Date:   Fri Oct 30 13:46:33 2020 +0530

    2020-10-30T13:46:33+05:30

commit 3ffe3a137a625ca9231cddaa08b2c35c6cc04603
Author: OCEANOFANYTHINGOFFICIAL <oceanofanything@gmail.com>
Date:   Thu Apr 15 13:46:32 2021 +0530

    2021-04-15T13:46:32+05:30

commit 9b07b29b7b23ef3c22daf93d502c137f30c1cd47
Author: OCEANOFANYTHINGOFFICIAL <oceanofanything@gmail.com>
Date:   Sun Jun 27 13:46:31 2021 +0530

    2021-06-27T13:46:31+05:30

commit 2913c52f10e827b25bfff5400c834b875ecb25d1
Author: OCEANOFANYTHINGOFFICIAL <oceanofanything@gmail.com>
Date:   Sun Mar 7 13:46:30 2021 +0530

    2021-03-07T13:46:30+05:30

commit b0d42bb25701f97e9917c0955c65e86d19b17433
Author: OCEANOFANYTHINGOFFICIAL <oceanofanything@gmail.com>
Date:   Wed Jun 9 13:46:29 2021 +0530

    2021-06-09T13:46:29+05:30

commit f90cbfb9d5a343c8d71eb562ff8006c5958fb074
Author: OCEANOFANYTHINGOFFICIAL <oceanofanything@gmail.com>
Date:   Fri Apr 30 13:46:28 2021 +0530

    2021-04-30T13:46:28+05:30

commit 33f9f757a955ce63c68ebd326e4a76c70794c82d
Author: OCEANOFANYTHINGOFFICIAL <oceanofanything@gmail.com>
Date:   Wed May 5 13:46:27 2021 +0530

    2021-05-05T13:46:27+05:30

commit 28108d4d9a58b8e7e5b84bbd81e6b27d52273e6c
Author: OCEANOFANYTHINGOFFICIAL <oceanofanything@gmail.com>
Date:   Fri Jan 22 13:46:26 2021 +0530

    2021-01-22T13:46:26+05:30

commit 6a49be55f2c2c6b78a3eec77272439d2afcfb707
Author: OCEANOFANYTHINGOFFICIAL <oceanofanything@gmail.com>
Date:   Wed Jun 23 13:46:24 2021 +0530

    2021-06-23T13:46:24+05:30

commit 109f18b3ade11545da6c537ca06f311b57579181
Author: OCEANOFANYTHINGOFFICIAL <oceanofanything@gmail.com>
Date:   Sun Aug 8 13:46:22 2021 +0530

    2021-08-08T13:46:22+05:30

commit 18405d8b4ff4c58145972c380b40e2f94de2d8e0
Author: OCEANOFANYTHINGOFFICIAL <oceanofanything@gmail.com>
Date:   Sat Sep 18 13:46:20 2021 +0530

    2021-09-18T13:46:20+05:30

commit 6a7f06fa14d74ba4a2a7a8c41dc62429eee6c653
Author: OCEANOFANYTHINGOFFICIAL <oceanofanything@gmail.com>
Date:   Thu Jul 29 13:46:19 2021 +0530

    2021-07-29T13:46:19+05:30

commit 5ef4e645fa4b69fae04ca07058d089c210c376f6
Author: OCEANOFANYTHINGOFFICIAL <oceanofanything@gmail.com>
Date:   Sat Jan 2 13:46:19 2021 +0530

    2021-01-02T13:46:19+05:30

commit 533577a97625b4b989d6bb4c5adc443e80e3889f
Author: OCEANOFANYTHINGOFFICIAL <oceanofanything@gmail.com>
Date:   Thu Dec 3 13:46:18 2020 +0530

    2020-12-03T13:46:18+05:30

commit edcdbc8a6249794edb8b240cfc1dd3dd58974512
Author: OCEANOFANYTHINGOFFICIAL <oceanofanything@gmail.com>
Date:   Mon Mar 29 13:46:17 2021 +0530

    2021-03-29T13:46:17+05:30

commit 7005acef434d763434721fca6f4bd501bbc801c6
Author: OCEANOFANYTHINGOFFICIAL <oceanofanything@gmail.com>
Date:   Wed Jun 16 13:46:16 2021 +0530

    2021-06-16T13:46:16+05:30

commit 18d38d32b84aae58b12a90f3b4e76ab771771cd5
Author: OCEANOFANYTHINGOFFICIAL <oceanofanything@gmail.com>
Date:   Sun Dec 27 13:46:15 2020 +0530

    2020-12-27T13:46:15+05:30

commit 7e4ea223c97bfa4d9b0383523544f52fdf2bb4ce
Author: OCEANOFANYTHINGOFFICIAL <oceanofanything@gmail.com>
Date:   Sat Jul 31 13:46:14 2021 +0530

    2021-07-31T13:46:14+05:30

commit ff19df28acd36154fcb74aa7b452adfa9bf9efe4
Author: OCEANOFANYTHINGOFFICIAL <oceanofanything@gmail.com>
Date:   Sat Dec 12 13:46:14 2020 +0530

    2020-12-12T13:46:14+05:30

commit 4583c68eb0dde4f20676863fea1d808d0d90ae10
Author: OCEANOFANYTHINGOFFICIAL <oceanofanything@gmail.com>
Date:   Mon Mar 22 13:46:13 2021 +0530

    2021-03-22T13:46:13+05:30

commit b9f132512a0d3d4f68649490a158577a3a7d3243
Author: OCEANOFANYTHINGOFFICIAL <oceanofanything@gmail.com>
Date:   Mon Sep 6 13:46:12 2021 +0530

    2021-09-06T13:46:12+05:30

commit cdb77c961fce35d1959ee4a777186d741669a921
Author: OCEANOFANYTHINGOFFICIAL <oceanofanything@gmail.com>
Date:   Tue Jun 1 13:46:11 2021 +0530

    2021-06-01T13:46:11+05:30

commit a65952bcc6ad6afc6e5af24fda4d56ae4dba1e92
Author: OCEANOFANYTHINGOFFICIAL <oceanofanything@gmail.com>
Date:   Wed Sep 22 13:46:11 2021 +0530

    2021-09-22T13:46:11+05:30

commit 4a2fde4fdcac59273513ca187581557c56113de4
Author: OCEANOFANYTHINGOFFICIAL <oceanofanything@gmail.com>
Date:   Wed Dec 23 13:46:10 2020 +0530

    2020-12-23T13:46:10+05:30

commit f46dab12d02af5b1c255fff3ba0eee398e0097f4
Author: OCEANOFANYTHINGOFFICIAL <oceanofanything@gmail.com>
Date:   Wed Oct 14 13:46:09 2020 +0530

    2020-10-14T13:46:09+05:30

commit e204da13837b9cff9428ad0d0d0c0468f5f9d3b5
Author: OCEANOFANYTHINGOFFICIAL <oceanofanything@gmail.com>
Date:   Fri Oct 9 13:46:08 2020 +0530

    2020-10-09T13:46:08+05:30

commit ca825acb25c461132a5f82c870d6897801f922ff
Author: OCEANOFANYTHINGOFFICIAL <oceanofanything@gmail.com>
Date:   Sat Jul 24 13:46:07 2021 +0530

    2021-07-24T13:46:07+05:30

commit d1b89b7171a68ef5e4ac1ed109c7a04825719564
Author: OCEANOFANYTHINGOFFICIAL <oceanofanything@gmail.com>
Date:   Wed Jan 20 13:46:07 2021 +0530

    2021-01-20T13:46:07+05:30

commit c2dff510df946aff66674bf011e0a7c13cce6345
Author: OCEANOFANYTHINGOFFICIAL <oceanofanything@gmail.com>
Date:   Tue Oct 12 13:46:06 2021 +0530

    2021-10-12T13:46:06+05:30

commit cc70775fcb3cc4ff26de5cea7e7c785fed6b58f5
Author: OCEANOFANYTHINGOFFICIAL <oceanofanything@gmail.com>
Date:   Mon May 24 13:46:05 2021 +0530

    2021-05-24T13:46:05+05:30

commit 3bca92705af1f5e9bdcbb46022b8bf3f9261c816
Author: OCEANOFANYTHINGOFFICIAL <oceanofanything@gmail.com>
Date:   Sun Jan 24 13:46:04 2021 +0530

    2021-01-24T13:46:04+05:30

commit bd243e61bee6f8a0003fd0f9c236b27fe5ae0e75
Author: OCEANOFANYTHINGOFFICIAL <oceanofanything@gmail.com>
Date:   Thu Jan 28 13:46:03 2021 +0530

    2021-01-28T13:46:03+05:30

commit aac1e973234fb8c99bfc3aa38ccfd88d06dbc876
Author: OCEANOFANYTHINGOFFICIAL <oceanofanything@gmail.com>
Date:   Wed Jun 9 13:46:03 2021 +0530

    2021-06-09T13:46:03+05:30

commit e862589f11307e9e4867a3241e3bc23538f54c00
Author: OCEANOFANYTHINGOFFICIAL <oceanofanything@gmail.com>
Date:   Sat Jan 30 13:46:02 2021 +0530

    2021-01-30T13:46:02+05:30

commit b76845cd6cfdc36feaf52c6cbdd07cd44e7cf0fa
Author: OCEANOFANYTHINGOFFICIAL <oceanofanything@gmail.com>
Date:   Mon Jul 12 13:46:01 2021 +0530

    2021-07-12T13:46:01+05:30

commit 1d04cce0d1bc70262d5f1a1746e5c29b8a18ca89
Author: OCEANOFANYTHINGOFFICIAL <oceanofanything@gmail.com>
Date:   Sat Sep 11 13:46:00 2021 +0530

    2021-09-11T13:46:00+05:30

commit 0bf8680cbd2b51ed5619a293f6e47d2f111d72eb
Author: OCEANOFANYTHINGOFFICIAL <oceanofanything@gmail.com>
Date:   Tue Apr 6 13:45:59 2021 +0530

    2021-04-06T13:45:59+05:30

commit 2e8a647adc14155cd55e37a1b91a3fd2eabc2655
Author: OCEANOFANYTHINGOFFICIAL <oceanofanything@gmail.com>
Date:   Wed Jun 16 13:45:59 2021 +0530

    2021-06-16T13:45:59+05:30

commit a6d751a368826f2f09fa131576fa01b423ba7018
Author: OCEANOFANYTHINGOFFICIAL <oceanofanything@gmail.com>
Date:   Thu Dec 24 13:45:58 2020 +0530

    2020-12-24T13:45:58+05:30

commit 2abcf7117ded66f8465de75cd6191a7355cc0944
Author: OCEANOFANYTHINGOFFICIAL <oceanofanything@gmail.com>
Date:   Tue Jan 19 13:45:57 2021 +0530

    2021-01-19T13:45:57+05:30

commit 8dcc7e1af208fff3b5cc7afc75b6b24c29e8f2f2
Author: OCEANOFANYTHINGOFFICIAL <oceanofanything@gmail.com>
Date:   Thu Dec 3 13:45:56 2020 +0530

    2020-12-03T13:45:56+05:30

commit 3fe385e60c964469574df81c37ef376368c335dd
Author: OCEANOFANYTHINGOFFICIAL <oceanofanything@gmail.com>
Date:   Sun Jan 3 13:45:56 2021 +0530

    2021-01-03T13:45:56+05:30

commit 68c427609b73bb15ae93de311e01562f70b2875a
Author: OCEANOFANYTHINGOFFICIAL <oceanofanything@gmail.com>
Date:   Wed Sep 22 13:45:55 2021 +0530

    2021-09-22T13:45:55+05:30

commit 9f93e2a437d7f98e6109ac4fb258c346b4971eec
Author: OCEANOFANYTHINGOFFICIAL <oceanofanything@gmail.com>
Date:   Fri Jan 1 13:45:54 2021 +0530

    2021-01-01T13:45:54+05:30

commit e283c99118f5cce0f51e0f62ec0386b976df5982
Author: OCEANOFANYTHINGOFFICIAL <oceanofanything@gmail.com>
Date:   Thu Jul 1 13:45:53 2021 +0530

    2021-07-01T13:45:53+05:30

commit fde5ad4eae48b36111704f96fe83873a402be416
Author: OCEANOFANYTHINGOFFICIAL <oceanofanything@gmail.com>
Date:   Fri Feb 12 13:45:53 2021 +0530

    2021-02-12T13:45:53+05:30

commit 661358408b7e3354db62f39870640c13726da27d
Author: OCEANOFANYTHINGOFFICIAL <oceanofanything@gmail.com>
Date:   Sun Nov 15 13:45:52 2020 +0530

    2020-11-15T13:45:52+05:30

commit e822a9972435aed6b9d3109bd347a262da730e77
Author: OCEANOFANYTHINGOFFICIAL <oceanofanything@gmail.com>
Date:   Sat Jan 9 13:45:51 2021 +0530

    2021-01-09T13:45:51+05:30

commit 9d2d3a5066d468a05ec83bae8b46b934eec25dd2
Author: OCEANOFANYTHINGOFFICIAL <oceanofanything@gmail.com>
Date:   Sun Oct 4 13:45:50 2020 +0530

    2020-10-04T13:45:50+05:30

commit e33d8df552fa84045b499f51ffe9597fcf93831d
Author: OCEANOFANYTHINGOFFICIAL <oceanofanything@gmail.com>
Date:   Thu Feb 4 13:45:49 2021 +0530

    2021-02-04T13:45:49+05:30

commit 1cff73b3d021f2b9d5e17b9a5488168a698e6dfa
Author: OCEANOFANYTHINGOFFICIAL <oceanofanything@gmail.com>
Date:   Wed Sep 1 13:45:49 2021 +0530

    2021-09-01T13:45:49+05:30

commit c947b74b9794d08f73492c993afa33c48fd23aa2
Author: OCEANOFANYTHINGOFFICIAL <oceanofanything@gmail.com>
Date:   Tue May 18 13:45:48 2021 +0530

    2021-05-18T13:45:48+05:30

commit 37e642f82ba64f86fb473fab04ccd1f6fb82d075
Author: OCEANOFANYTHINGOFFICIAL <oceanofanything@gmail.com>
Date:   Fri Nov 20 13:45:47 2020 +0530

    2020-11-20T13:45:47+05:30

commit 67d9a4011d503f0f8c28188d976a93d5fd8c1ec3
Author: OCEANOFANYTHINGOFFICIAL <oceanofanything@gmail.com>
Date:   Wed Jun 9 13:45:46 2021 +0530

    2021-06-09T13:45:46+05:30

commit 27646b5e6a60f935844306689894a673607bea8a
Author: OCEANOFANYTHINGOFFICIAL <oceanofanything@gmail.com>
Date:   Sun Dec 20 13:45:46 2020 +0530

    2020-12-20T13:45:46+05:30

commit 8b3c25a781fe5fbd139e278f8afca7cda8364fec
Author: OCEANOFANYTHINGOFFICIAL <oceanofanything@gmail.com>
Date:   Mon Aug 23 13:45:45 2021 +0530

    2021-08-23T13:45:45+05:30

commit 3502097155976d7727638f529a83a665d3eee804
Author: OCEANOFANYTHINGOFFICIAL <oceanofanything@gmail.com>
Date:   Tue May 25 13:45:44 2021 +0530

    2021-05-25T13:45:44+05:30

commit 3320157610b6eb56fc68170d42d7440b24c2b76f
Author: OCEANOFANYTHINGOFFICIAL <oceanofanything@gmail.com>
Date:   Wed Mar 24 13:45:43 2021 +0530

    2021-03-24T13:45:43+05:30

commit b5793a3c986f641f6d0dab83779f750fef28896b
Author: OCEANOFANYTHINGOFFICIAL <oceanofanything@gmail.com>
Date:   Sat Feb 13 13:45:42 2021 +0530

    2021-02-13T13:45:42+05:30

commit d40c7da6659d80ff67442d369154803699f87eaa
Author: OCEANOFANYTHINGOFFICIAL <oceanofanything@gmail.com>
Date:   Sun Apr 11 13:45:42 2021 +0530

    2021-04-11T13:45:42+05:30

commit 931f9da2a1fefbcc00e23b7bc3be4e962dcb9429
Author: OCEANOFANYTHINGOFFICIAL <oceanofanything@gmail.com>
Date:   Tue Aug 24 13:45:41 2021 +0530

    2021-08-24T13:45:41+05:30

commit d17ae281b28958983e4bb04f5cdc2229cc387ec2
Author: OCEANOFANYTHINGOFFICIAL <oceanofanything@gmail.com>
Date:   Wed Jun 23 13:45:40 2021 +0530

    2021-06-23T13:45:40+05:30

commit 97d1bcae8efe74d09bc4e36fce19164eed6d6252
Author: OCEANOFANYTHINGOFFICIAL <oceanofanything@gmail.com>
Date:   Thu Sep 23 13:45:39 2021 +0530

    2021-09-23T13:45:39+05:30

commit 1b3f9838f0ec270176bf0e81876a1199cb358e75
Author: OCEANOFANYTHINGOFFICIAL <oceanofanything@gmail.com>
Date:   Sun Jun 13 13:45:38 2021 +0530

    2021-06-13T13:45:38+05:30

commit 9a4bf9833ae0a023da7ea452c8780272039a81b7
Author: OCEANOFANYTHINGOFFICIAL <oceanofanything@gmail.com>
Date:   Thu Jul 22 13:45:38 2021 +0530

    2021-07-22T13:45:38+05:30

commit c10b9cec18bf7b42596db4ceace2cfb5d0f5fef5
Author: OCEANOFANYTHINGOFFICIAL <oceanofanything@gmail.com>
Date:   Mon May 17 13:45:37 2021 +0530

    2021-05-17T13:45:37+05:30

commit 45c68070a53bc63fe9650ce0dfd960664601659f
Author: OCEANOFANYTHINGOFFICIAL <oceanofanything@gmail.com>
Date:   Sun Jul 4 13:45:36 2021 +0530

    2021-07-04T13:45:36+05:30

commit 74fc08bdcbe06c8c650a31629def3715c7246fe9
Author: OCEANOFANYTHINGOFFICIAL <oceanofanything@gmail.com>
Date:   Thu Mar 4 13:45:35 2021 +0530

    2021-03-04T13:45:35+05:30

commit 3e6fe90ee12bce33f0c9183ee7fda7a566aa04b1
Author: OCEANOFANYTHINGOFFICIAL <oceanofanything@gmail.com>
Date:   Wed Nov 18 13:45:34 2020 +0530

    2020-11-18T13:45:34+05:30

commit e969f22bc6ed5ca850570a1f175e6bfe1baea7fe
Author: OCEANOFANYTHINGOFFICIAL <oceanofanything@gmail.com>
Date:   Mon Apr 12 13:45:34 2021 +0530

    2021-04-12T13:45:34+05:30

commit 8dbf245bb264a8cea8eca9e31f30a1f398815d68
Author: OCEANOFANYTHINGOFFICIAL <oceanofanything@gmail.com>
Date:   Thu Nov 19 13:45:33 2020 +0530

    2020-11-19T13:45:33+05:30

commit 16f76e3f131ee1419860937f1a075a24f6e3cf10
Author: OCEANOFANYTHINGOFFICIAL <oceanofanything@gmail.com>
Date:   Thu Oct 7 13:45:32 2021 +0530

    2021-10-07T13:45:32+05:30

commit efe563801bc5faefe45c35293e096fa68f6fbd7c
Author: OCEANOFANYTHINGOFFICIAL <oceanofanything@gmail.com>
Date:   Mon Aug 23 13:45:31 2021 +0530

    2021-08-23T13:45:31+05:30

commit 2bfeef10e0878385c9ee052163343902b36fa77a
Author: OCEANOFANYTHINGOFFICIAL <oceanofanything@gmail.com>
Date:   Wed Jun 9 13:45:31 2021 +0530

    2021-06-09T13:45:31+05:30

commit 3d8b8e4fa012153ace46d88e80621c39fbf4a22c
Author: OCEANOFANYTHINGOFFICIAL <oceanofanything@gmail.com>
Date:   Thu Oct 7 13:45:30 2021 +0530

    2021-10-07T13:45:30+05:30

commit c2e81a5decaa7f6140e811d6d04bd93537c82860
Author: OCEANOFANYTHINGOFFICIAL <oceanofanything@gmail.com>
Date:   Sat Jul 31 13:45:29 2021 +0530

    2021-07-31T13:45:29+05:30

commit adc66ed9ad9b44fa95f2ece0e64645386bd275fd
Author: OCEANOFANYTHINGOFFICIAL <oceanofanything@gmail.com>
Date:   Sun Oct 18 13:45:28 2020 +0530

    2020-10-18T13:45:28+05:30

commit 3db8ee1bc90129f67e07b35a54d44ba82e570596
Author: OCEANOFANYTHINGOFFICIAL <oceanofanything@gmail.com>
Date:   Tue Jul 20 13:45:27 2021 +0530

    2021-07-20T13:45:27+05:30

commit e32493c6e58c5ae5fd86dbcbc3f93bff5e1ea8de
Author: OCEANOFANYTHINGOFFICIAL <oceanofanything@gmail.com>
Date:   Tue Aug 10 13:45:27 2021 +0530

    2021-08-10T13:45:27+05:30

commit 0ae6154002eba394f3353a7a3cabdfe7794110f0
Author: OCEANOFANYTHINGOFFICIAL <oceanofanything@gmail.com>
Date:   Sun Feb 21 13:45:26 2021 +0530

    2021-02-21T13:45:26+05:30

commit a6a1518f971e6cc8fdce418e6ce02757c1f06bc2
Author: OCEANOFANYTHINGOFFICIAL <oceanofanything@gmail.com>
Date:   Fri Dec 4 13:45:25 2020 +0530

    2020-12-04T13:45:25+05:30

commit e4e9c04c8b5ada12b5ec93a0ae67ed4a10463c60
Author: OCEANOFANYTHINGOFFICIAL <oceanofanything@gmail.com>
Date:   Fri Aug 20 13:45:24 2021 +0530

    2021-08-20T13:45:24+05:30

commit 2351b64f3f05d78b1f5bcd50f7f3263cccdae783
Author: OCEANOFANYTHINGOFFICIAL <oceanofanything@gmail.com>
Date:   Fri Dec 4 13:45:24 2020 +0530

    2020-12-04T13:45:24+05:30

commit be04756fa298e25285994385321911d9cae47ea8
Author: OCEANOFANYTHINGOFFICIAL <oceanofanything@gmail.com>
Date:   Thu Jun 3 13:45:23 2021 +0530

    2021-06-03T13:45:23+05:30

commit 6274575dacfc2a9fef7396d63099f4c1165c5d24
Author: OCEANOFANYTHINGOFFICIAL <oceanofanything@gmail.com>
Date:   Thu Jun 17 13:45:22 2021 +0530

    2021-06-17T13:45:22+05:30

commit bd792216e8bdcd400d0ea92395676cfae0456de9
Author: OCEANOFANYTHINGOFFICIAL <oceanofanything@gmail.com>
Date:   Sat Feb 20 13:45:21 2021 +0530

    2021-02-20T13:45:21+05:30

commit 0df8349ae4520eb7bad47f4677d03f92bb1b10ef
Author: OCEANOFANYTHINGOFFICIAL <oceanofanything@gmail.com>
Date:   Sat May 22 13:45:20 2021 +0530

    2021-05-22T13:45:20+05:30

commit 7754f0f93fe73de8eb8efedaf35b9836bdcd98ed
Author: OCEANOFANYTHINGOFFICIAL <oceanofanything@gmail.com>
Date:   Thu Nov 19 13:45:19 2020 +0530

    2020-11-19T13:45:19+05:30

commit c400831e37db2414fa5d28052d4a0fa68bd7d3ae
Author: OCEANOFANYTHINGOFFICIAL <oceanofanything@gmail.com>
Date:   Fri Jul 16 13:45:18 2021 +0530

    2021-07-16T13:45:18+05:30

commit ae902db40fa0b30ad7cb6100986097841f95d15c
Author: OCEANOFANYTHINGOFFICIAL <oceanofanything@gmail.com>
Date:   Tue Mar 23 13:45:17 2021 +0530

    2021-03-23T13:45:17+05:30

commit af9aa37e8c9b1b38a03b611870617a24342ac8dc
Author: OCEANOFANYTHINGOFFICIAL <oceanofanything@gmail.com>
Date:   Sat Jan 23 13:45:16 2021 +0530

    2021-01-23T13:45:16+05:30

commit b079622c28d38beb521bce737380cc854b63553d
Author: OCEANOFANYTHINGOFFICIAL <oceanofanything@gmail.com>
Date:   Thu Nov 12 13:45:15 2020 +0530

    2020-11-12T13:45:15+05:30

commit ce6a7ee2b9af72e2e294e984a15df5755d62c314
Author: OCEANOFANYTHINGOFFICIAL <oceanofanything@gmail.com>
Date:   Sun Apr 25 13:45:14 2021 +0530

    2021-04-25T13:45:14+05:30

commit 23e02e7040167100dcfd4df34e9b87d3d3442da6
Author: OCEANOFANYTHINGOFFICIAL <oceanofanything@gmail.com>
Date:   Fri Jan 8 13:45:14 2021 +0530

    2021-01-08T13:45:14+05:30

commit b8129328679a4c385bd25bca0fd675a52e8f84db
Author: OCEANOFANYTHINGOFFICIAL <oceanofanything@gmail.com>
Date:   Fri Jan 29 13:45:13 2021 +0530

    2021-01-29T13:45:13+05:30

commit a32becb4840ecda008ec6ecfecb761bd84b1b464
Author: OCEANOFANYTHINGOFFICIAL <oceanofanything@gmail.com>
Date:   Sat Aug 14 13:45:12 2021 +0530

    2021-08-14T13:45:12+05:30

commit 4c907013ae11347984a7fbef89cad36ac955a624
Author: OCEANOFANYTHINGOFFICIAL <oceanofanything@gmail.com>
Date:   Thu Jul 15 13:45:11 2021 +0530

    2021-07-15T13:45:11+05:30

commit e3627609cf986a141ffdae91cdf40544d310fe9c
Author: OCEANOFANYTHINGOFFICIAL <oceanofanything@gmail.com>
Date:   Thu Jul 15 13:45:10 2021 +0530

    2021-07-15T13:45:10+05:30

commit 7d0ae5038149550b5ec34129e92427806285199c
Author: OCEANOFANYTHINGOFFICIAL <oceanofanything@gmail.com>
Date:   Sat Jan 9 13:45:09 2021 +0530

    2021-01-09T13:45:09+05:30

commit 39e97c3ced67f5679d174da9cbfca57e17443811
Author: OCEANOFANYTHINGOFFICIAL <oceanofanything@gmail.com>
Date:   Sun Apr 11 13:45:08 2021 +0530

    2021-04-11T13:45:08+05:30

commit 5aa5cede8df9a67e1626b16445a236f0e5fc0ba6
Author: OCEANOFANYTHINGOFFICIAL <oceanofanything@gmail.com>
Date:   Sat Oct 2 13:45:08 2021 +0530

    2021-10-02T13:45:08+05:30

commit 34d3830b62780168a03f53ba0af3ab5e39e47561
Author: OCEANOFANYTHINGOFFICIAL <oceanofanything@gmail.com>
Date:   Mon Sep 13 13:45:07 2021 +0530

    2021-09-13T13:45:07+05:30

commit 865bbf0508033e658fb2e3cfd227424a90d4eab5
Author: OCEANOFANYTHINGOFFICIAL <oceanofanything@gmail.com>
Date:   Thu Nov 12 13:45:05 2020 +0530

    2020-11-12T13:45:05+05:30

commit aa8103e5e63c0a82c4a92a45b16bbf76159fb33b
Author: OCEANOFANYTHINGOFFICIAL <oceanofanything@gmail.com>
Date:   Sat May 15 13:45:04 2021 +0530

    2021-05-15T13:45:04+05:30

commit 96e44bf6f55f4c9ca944c1460944a2546c28d17f
Author: OCEANOFANYTHINGOFFICIAL <oceanofanything@gmail.com>
Date:   Sun Jan 17 13:45:03 2021 +0530

    2021-01-17T13:45:03+05:30

commit 9b94781bb6c4b63ae2377e119c057f7dc129edb4
Author: OCEANOFANYTHINGOFFICIAL <oceanofanything@gmail.com>
Date:   Wed Jul 28 13:45:02 2021 +0530

    2021-07-28T13:45:02+05:30

commit a746b1aad464c74a43ce107029447923c32a97d3
Author: OCEANOFANYTHINGOFFICIAL <oceanofanything@gmail.com>
Date:   Fri Dec 4 13:45:01 2020 +0530

    2020-12-04T13:45:01+05:30

commit 34893066abb960b8a272281e8f534863b68a8d48
Author: OCEANOFANYTHINGOFFICIAL <oceanofanything@gmail.com>
Date:   Sun Jul 11 13:45:00 2021 +0530

    2021-07-11T13:45:00+05:30

commit 2fce4959b7f41bceb988ce25f67200d0194d06f5
Author: OCEANOFANYTHINGOFFICIAL <oceanofanything@gmail.com>
Date:   Sun May 2 13:45:00 2021 +0530

    2021-05-02T13:45:00+05:30

commit 9d17adcea21552f2d2c3ed4db131fc749777ad63
Author: OCEANOFANYTHINGOFFICIAL <oceanofanything@gmail.com>
Date:   Tue May 25 13:44:59 2021 +0530

    2021-05-25T13:44:59+05:30

commit 35079efa77dea6d34e1707215e84af503bf09d19
Author: OCEANOFANYTHINGOFFICIAL <oceanofanything@gmail.com>
Date:   Fri Nov 6 13:44:58 2020 +0530

    2020-11-06T13:44:58+05:30

commit 170cade477b42916dee5beb1c836ca20937ac020
Author: OCEANOFANYTHINGOFFICIAL <oceanofanything@gmail.com>
Date:   Fri Nov 13 13:44:57 2020 +0530

    2020-11-13T13:44:57+05:30

commit b9e3652f442f8463ca0f7ccb2d41a5901eff54ce
Author: OCEANOFANYTHINGOFFICIAL <oceanofanything@gmail.com>
Date:   Thu Apr 29 13:44:56 2021 +0530

    2021-04-29T13:44:56+05:30

commit 89ebe84e95dbf4d06eecb9506d39412787deeebd
Author: OCEANOFANYTHINGOFFICIAL <oceanofanything@gmail.com>
Date:   Thu Sep 9 13:44:56 2021 +0530

    2021-09-09T13:44:56+05:30

commit 15da44ef89034214fbc25f13285de03a351c0c36
Author: OCEANOFANYTHINGOFFICIAL <oceanofanything@gmail.com>
Date:   Sat Oct 31 13:44:55 2020 +0530

    2020-10-31T13:44:55+05:30

commit c3e5e518b0bb46dffcebc8152366900bdadc072b
Author: OCEANOFANYTHINGOFFICIAL <oceanofanything@gmail.com>
Date:   Thu Dec 17 13:44:54 2020 +0530

    2020-12-17T13:44:54+05:30

commit 2cd87342367e3cbacf43e07160ebdc260ed2b2f3
Author: OCEANOFANYTHINGOFFICIAL <oceanofanything@gmail.com>
Date:   Wed May 5 13:44:53 2021 +0530

    2021-05-05T13:44:53+05:30

commit 421b8ef40c6625edd666320acf2d4dce4c34ba6f
Author: OCEANOFANYTHINGOFFICIAL <oceanofanything@gmail.com>
Date:   Sat Nov 14 13:44:52 2020 +0530

    2020-11-14T13:44:52+05:30

commit a9f887bfe4dac7d34e34f26dab6240d9afa33704
Author: OCEANOFANYTHINGOFFICIAL <oceanofanything@gmail.com>
Date:   Tue Jul 27 13:44:51 2021 +0530

    2021-07-27T13:44:51+05:30

commit 898dfe7aec73be1f8614498c1d0ab0ac97cb0375
Author: OCEANOFANYTHINGOFFICIAL <oceanofanything@gmail.com>
Date:   Thu Apr 8 13:44:51 2021 +0530

    2021-04-08T13:44:51+05:30

commit 959b9211d3ad3a4139ab9a8f102f4b1c8a7be407
Author: OCEANOFANYTHINGOFFICIAL <oceanofanything@gmail.com>
Date:   Mon Aug 2 13:44:50 2021 +0530

    2021-08-02T13:44:50+05:30

commit d7a3bb614fd825de96f22ed6da993c3ae9639ad0
Author: OCEANOFANYTHINGOFFICIAL <oceanofanything@gmail.com>
Date:   Mon Feb 15 13:44:49 2021 +0530

    2021-02-15T13:44:49+05:30

commit b451f44946c6f7523265d99456d91af3e6360b90
Author: OCEANOFANYTHINGOFFICIAL <oceanofanything@gmail.com>
Date:   Mon Jun 21 13:44:48 2021 +0530

    2021-06-21T13:44:48+05:30

commit 59251fb5dd4290d14f63d7dfa77b9de6d720ac1f
Author: OCEANOFANYTHINGOFFICIAL <oceanofanything@gmail.com>
Date:   Thu Jul 15 13:44:47 2021 +0530

    2021-07-15T13:44:47+05:30

commit b190b0e06e830e40cd6f56c454430821d055a748
Author: OCEANOFANYTHINGOFFICIAL <oceanofanything@gmail.com>
Date:   Sun Oct 25 13:44:46 2020 +0530

    2020-10-25T13:44:46+05:30

commit d68e95c2ef73d939206dbe2463c6385a41947fa4
Author: OCEANOFANYTHINGOFFICIAL <oceanofanything@gmail.com>
Date:   Wed Aug 25 13:44:45 2021 +0530

    2021-08-25T13:44:45+05:30

commit bcdcb1465a68f0c112c15a702201e08a8bc47285
Author: OCEANOFANYTHINGOFFICIAL <oceanofanything@gmail.com>
Date:   Fri Jan 1 13:44:44 2021 +0530

    2021-01-01T13:44:44+05:30

commit 9d434ab8ee9818508b2cf098a4e73158e319ba9b
Author: OCEANOFANYTHINGOFFICIAL <oceanofanything@gmail.com>
Date:   Sat Jun 26 13:44:43 2021 +0530

    2021-06-26T13:44:43+05:30

commit 9f6176bb30e5d565b9b93489604330e800b8e39b
Author: OCEANOFANYTHINGOFFICIAL <oceanofanything@gmail.com>
Date:   Wed Sep 15 13:44:42 2021 +0530

    2021-09-15T13:44:42+05:30

commit a9d02247ee1471618f0e255021effb36d21e51de
Author: OCEANOFANYTHINGOFFICIAL <oceanofanything@gmail.com>
Date:   Wed May 19 13:44:41 2021 +0530

    2021-05-19T13:44:41+05:30

commit f0a449e79054128201ae51c03e69674411096c76
Author: OCEANOFANYTHINGOFFICIAL <oceanofanything@gmail.com>
Date:   Fri Apr 2 13:44:40 2021 +0530

    2021-04-02T13:44:40+05:30

commit a8996d79702b5ff6a9e31af54d0f49e38a8177a1
Author: OCEANOFANYTHINGOFFICIAL <oceanofanything@gmail.com>
Date:   Wed Oct 21 13:44:39 2020 +0530

    2020-10-21T13:44:39+05:30

commit 8754be95210f307d894f77b92eca8cb25be50fa2
Author: OCEANOFANYTHINGOFFICIAL <oceanofanything@gmail.com>
Date:   Thu Mar 4 13:44:38 2021 +0530

    2021-03-04T13:44:38+05:30

commit ddc67ec6975c5a80d09e0bb5a6775cb524b4e686
Author: OCEANOFANYTHINGOFFICIAL <oceanofanything@gmail.com>
Date:   Fri Mar 12 13:44:37 2021 +0530

    2021-03-12T13:44:37+05:30

commit 5e61a248b4f47e0fdc1aa4c3b44e937beda503a0
Author: OCEANOFANYTHINGOFFICIAL <oceanofanything@gmail.com>
Date:   Fri Apr 16 13:44:36 2021 +0530

    2021-04-16T13:44:36+05:30

commit 7377553a4a83b11fef52f8cf4421c7b451f98af4
Author: OCEANOFANYTHINGOFFICIAL <oceanofanything@gmail.com>
Date:   Mon Mar 15 13:44:33 2021 +0530

    2021-03-15T13:44:33+05:30

commit 543a1733a893a2217df29da5c0dce05c0859f626
Author: OCEANOFANYTHINGOFFICIAL <oceanofanything@gmail.com>
Date:   Tue Oct 6 13:44:32 2020 +0530

    2020-10-06T13:44:32+05:30

commit b80d05d5656c564c1128775f9444dec5096d201f
Author: OCEANOFANYTHINGOFFICIAL <oceanofanything@gmail.com>
Date:   Mon Mar 1 13:44:30 2021 +0530

    2021-03-01T13:44:30+05:30

commit ebf519f0ee87d89223c98342519fe22188efd3e3
Author: OCEANOFANYTHINGOFFICIAL <oceanofanything@gmail.com>
Date:   Mon Dec 21 13:44:29 2020 +0530

    2020-12-21T13:44:29+05:30

commit 88b740c51c63fcc800120c934a98220e6877382a
Author: OCEANOFANYTHINGOFFICIAL <oceanofanything@gmail.com>
Date:   Thu Apr 15 13:44:28 2021 +0530

    2021-04-15T13:44:28+05:30

commit a8361a538245b95afe8860b969d07a1847bb115b
Author: OCEANOFANYTHINGOFFICIAL <oceanofanything@gmail.com>
Date:   Sat Sep 4 13:44:27 2021 +0530

    2021-09-04T13:44:27+05:30

commit 7f73bf9a2e631388ab57da89a96fff55ff91b6e1
Author: OCEANOFANYTHINGOFFICIAL <oceanofanything@gmail.com>
Date:   Fri Apr 2 13:44:27 2021 +0530

    2021-04-02T13:44:27+05:30

commit 0686c2b0c227170d9f960f5d83f362fe92b13d20
Author: OCEANOFANYTHINGOFFICIAL <oceanofanything@gmail.com>
Date:   Mon Aug 2 13:44:26 2021 +0530

    2021-08-02T13:44:26+05:30

commit a7b150d02477cbb6e4fa21f336257634ac7d8df7
Author: OCEANOFANYTHINGOFFICIAL <oceanofanything@gmail.com>
Date:   Wed Oct 14 13:44:25 2020 +0530

    2020-10-14T13:44:25+05:30

commit e5804f4470fefb9044132d07e18a1340e1589687
Author: OCEANOFANYTHINGOFFICIAL <oceanofanything@gmail.com>
Date:   Fri Jan 22 13:44:24 2021 +0530

    2021-01-22T13:44:24+05:30

commit 37d5212902281a696478d73d3bb0160c4e519d64
Author: OCEANOFANYTHINGOFFICIAL <oceanofanything@gmail.com>
Date:   Fri Nov 13 13:44:24 2020 +0530

    2020-11-13T13:44:24+05:30

commit 2f8381fbf204f9b62868a437c380adaa2e87129d
Author: OCEANOFANYTHINGOFFICIAL <oceanofanything@gmail.com>
Date:   Wed Mar 17 13:44:23 2021 +0530

    2021-03-17T13:44:23+05:30

commit 84d8ecbb59aad4ad9269c32444b9120f121a2619
Author: OCEANOFANYTHINGOFFICIAL <oceanofanything@gmail.com>
Date:   Sat Aug 21 13:44:22 2021 +0530

    2021-08-21T13:44:22+05:30

commit 005930818889f4571d63dcd273f8ef137871d61a
Author: OCEANOFANYTHINGOFFICIAL <oceanofanything@gmail.com>
Date:   Thu Apr 22 13:44:21 2021 +0530

    2021-04-22T13:44:21+05:30

commit 8a908076a1b1bfde8b5334ef4bd4c40d21d09871
Author: OCEANOFANYTHINGOFFICIAL <oceanofanything@gmail.com>
Date:   Sun May 9 13:44:20 2021 +0530

    2021-05-09T13:44:20+05:30

commit 8d51b9d66bb12ead9fc897c70b9a8e7d772de9a2
Author: OCEANOFANYTHINGOFFICIAL <oceanofanything@gmail.com>
Date:   Tue Jun 29 13:44:19 2021 +0530

    2021-06-29T13:44:19+05:30

commit 9e40272e23fa2921f046238e9bfd65b9229e15cb
Author: OCEANOFANYTHINGOFFICIAL <oceanofanything@gmail.com>
Date:   Thu May 20 13:44:18 2021 +0530

    2021-05-20T13:44:18+05:30

commit 20ca86c5368461fa3936384fd9205b36921c22e6
Author: OCEANOFANYTHINGOFFICIAL <oceanofanything@gmail.com>
Date:   Sat Dec 19 13:44:17 2020 +0530

    2020-12-19T13:44:17+05:30

commit 4f59fa92bf66a21b985d729cd06675b71f64e07e
Author: OCEANOFANYTHINGOFFICIAL <oceanofanything@gmail.com>
Date:   Fri May 28 13:44:16 2021 +0530

    2021-05-28T13:44:16+05:30

commit 25bd362783a697f355f40c1fd02dc9b6bf8332c3
Author: OCEANOFANYTHINGOFFICIAL <oceanofanything@gmail.com>
Date:   Thu Feb 4 13:44:15 2021 +0530

    2021-02-04T13:44:15+05:30

commit c7f171fde185b1c8573472c48bb97c2a1db7f600
Author: OCEANOFANYTHINGOFFICIAL <oceanofanything@gmail.com>
Date:   Tue Sep 29 13:44:14 2020 +0530

    2020-09-29T13:44:14+05:30

commit 3bac1cdf1ee170a5c0aac0953a1405fd16f1870c
Author: OCEANOFANYTHINGOFFICIAL <oceanofanything@gmail.com>
Date:   Wed Aug 11 13:44:13 2021 +0530

    2021-08-11T13:44:13+05:30

commit fab63803fe19d4fa426fe0bd9cfde32c7e88020c
Author: OCEANOFANYTHINGOFFICIAL <oceanofanything@gmail.com>
Date:   Sun May 23 13:44:12 2021 +0530

    2021-05-23T13:44:12+05:30

commit 6d944bdabf31afd3a27201d3f6ba4d7585d54dd5
Author: OCEANOFANYTHINGOFFICIAL <oceanofanything@gmail.com>
Date:   Tue May 4 13:44:11 2021 +0530

    2021-05-04T13:44:11+05:30

commit 5bd8475f6b8c9f1e991a86dbd48797ed6f44ba91
Author: OCEANOFANYTHINGOFFICIAL <oceanofanything@gmail.com>
Date:   Wed May 12 13:44:10 2021 +0530

    2021-05-12T13:44:10+05:30

commit 6c1b24e01197ccf002168e061d16f017753296e2
Author: OCEANOFANYTHINGOFFICIAL <oceanofanything@gmail.com>
Date:   Thu Nov 5 13:44:10 2020 +0530

    2020-11-05T13:44:10+05:30

commit d0b6763548302513916e7fc04c95decd59cf0d1a
Author: OCEANOFANYTHINGOFFICIAL <oceanofanything@gmail.com>
Date:   Sat May 22 13:44:09 2021 +0530

    2021-05-22T13:44:09+05:30

commit 8fb7e6d41e923aa999e11e3ab716db127181897a
Author: OCEANOFANYTHINGOFFICIAL <oceanofanything@gmail.com>
Date:   Sat Dec 19 13:44:08 2020 +0530

    2020-12-19T13:44:08+05:30

commit dece4e2c9d1fde6dcda434e2b54a5f273e2ec2a9
Author: OCEANOFANYTHINGOFFICIAL <oceanofanything@gmail.com>
Date:   Sun Feb 7 13:44:07 2021 +0530

    2021-02-07T13:44:07+05:30

commit c74d5a37605843bea4aca7be1285aacd276d7c85
Author: OCEANOFANYTHINGOFFICIAL <oceanofanything@gmail.com>
Date:   Thu Oct 7 13:44:06 2021 +0530

    2021-10-07T13:44:06+05:30

commit 19d822f57db158bd338fe44a6e5c8f858a365f8a
Author: OCEANOFANYTHINGOFFICIAL <oceanofanything@gmail.com>
Date:   Sat Mar 13 13:44:05 2021 +0530

    2021-03-13T13:44:05+05:30

commit eb37669154474187c52495cbc63cbec288a51262
Author: OCEANOFANYTHINGOFFICIAL <oceanofanything@gmail.com>
Date:   Sun Dec 13 18:21:05 2020 +0530

    2020-12-13T18:21:05+05:30

commit ad0749b03d3e5cb91865fb0ed3d6da34299bb751
Author: OCEANOFANYTHINGOFFICIAL <oceanofanything@gmail.com>
Date:   Sun Dec 6 18:21:01 2020 +0530

    2020-12-06T18:21:01+05:30
